START RequestId: cf83c296-7109-4164-9449-b98621822cbd Version: $LATEST
2022-03-16 01:43:30.802  INFO 17 --- [           main] o.s.nativex.NativeListener               : This application is bootstrapped with code generated with Spring AOT

  .   ____          _            __ _ _
 /\\ / ___'_ __ _ _(_)_ __  __ _ \ \ \ \
( ( )\___ | '_ | '_| | '_ \/ _` | \ \ \ \
 \\/  ___)| |_)| | | | | || (_| |  ) ) ) )
  '  |____| .__|_| |_|_| |_\__, | / / / /
 =========|_|==============|___/=/_/_/_/
 :: Spring Boot ::                (v2.4.5)

2022-03-16 01:43:30.816 DEBUG 17 --- [           main] o.s.c.i.CandidateComponentsIndexLoader   : Loaded 1] index(es)
2022-03-16 01:43:30.816 DEBUG 17 --- [           main] o.s.c.f.a.aws.CustomRuntimeInitializer   : AWS Environment: {PATH=/var/lang/bin:/usr/local/bin:/usr/bin/:/bin:/opt/bin, LAMBDA_TASK_ROOT=/var/task, logging_level_root=DEBUG, AWS_LAMBDA_FUNCTION_MEMORY_SIZE=512, TZ=:/etc/localtime, AWS_SECRET_ACCESS_KEY=[secretKey], AWS_DEFAULT_REGION=us-east-1, AWS_LAMBDA_LOG_GROUP_NAME=aws/lambda/CustomRuntimeRoutingDemo, _HANDLER=org.springframework.cloud.function.adapter.aws.FunctionInvoker::handleRequest, LANG=en_US.UTF-8, LAMBDA_RUNTIME_DIR=/var/runtime, AWS_SESSION_TOKEN=, AWS_ACCESS_KEY_ID=[accessKey], LD_LIBRARY_PATH=/var/lang/lib:/lib64:/usr/lib64:/var/runtime:/var/runtime/lib:/var/task:/var/task/lib:/opt/lib, PWD=/var/task, AWS_LAMBDA_RUNTIME_API=127.0.0.1:9001, _=./custom-runtime-routing-demo, AWS_REGION=us-east-1, AWS_LAMBDA_FUNCTION_TIMEOUT=20, OLDPWD=/var/task, AWS_LAMBDA_FUNCTION_HANDLER=org.springframework.cloud.function.adapter.aws.FunctionInvoker::handleRequest, AWS_LAMBDA_LOG_STREAM_NAME=$LATEST, HOSTNAME=d6db3d247272, AWS_ACCOUNT_ID=123456789012, server_port=8090, AWS_LAMBDA_FUNCTION_VERSION=$LATEST, HOME=/root, SHLVL=1, AWS_LAMBDA_FUNCTION_NAME=CustomRuntimeRoutingDemo, AWS_SAM_LOCAL=true}
2022-03-16 01:43:30.817 DEBUG 17 --- [           main] o.s.c.e.PropertySourcesPropertyResolver  : Found key '_HANDLER' in PropertySource 'systemEnvironment' with value of type String
2022-03-16 01:43:30.817  INFO 17 --- [           main] o.s.c.f.a.aws.CustomRuntimeInitializer   : AWS Handler: org.springframework.cloud.function.adapter.aws.FunctionInvoker
2022-03-16 01:43:30.817 DEBUG 17 --- [           main] o.s.c.f.a.aws.CustomRuntimeInitializer   : Will execute Lambda in Custom Runtime
2022-03-16 01:43:30.822  INFO 17 --- [           main] .e.c.CustomRuntimeRoutingDemoApplication : Starting CustomRuntimeRoutingDemoApplication v0.0.1-SNAPSHOT using Java 11.0.13 on d6db3d247272 with PID 17 (/var/task/custom-runtime-routing-demo started by root in /var/task)
2022-03-16 01:43:30.823 DEBUG 17 --- [           main] .e.c.CustomRuntimeRoutingDemoApplication : Running with Spring Boot v2.4.5, Spring v5.3.6
2022-03-16 01:43:30.823  INFO 17 --- [           main] .e.c.CustomRuntimeRoutingDemoApplication : No active profile set, falling back to default profiles: default
2022-03-16 01:43:30.823 DEBUG 17 --- [           main] o.s.boot.SpringApplication               : Loading source class com.example.customruntimeroutingdemo.CustomRuntimeRoutingDemoApplication
2022-03-16 01:43:30.833 DEBUG 17 --- [           main] ConfigServletWebServerApplicationContext : Refreshing org.springframework.boot.web.servlet.context.AnnotationConfigServletWebServerApplicationContext@151aa947
2022-03-16 01:43:30.835 DEBUG 17 --- [           main] o.s.b.f.s.DefaultListableBeanFactory     : Creating shared instance of singleton bean 'org.springframework.context.annotation.internalConfigurationAnnotationProcessor'
2022-03-16 01:43:30.839 DEBUG 17 --- [           main] o.s.b.f.s.DefaultListableBeanFactory     : Creating shared instance of singleton bean 'org.springframework.boot.autoconfigure.internalCachingMetadataReaderFactory'
2022-03-16 01:43:30.868 DEBUG 17 --- [           main] o.s.c.a.ClassPathBeanDefinitionScanner   : Using candidate component class from index: com.example.customruntimeroutingdemo.router.SecondRouter
2022-03-16 01:43:30.871 DEBUG 17 --- [           main] o.s.c.a.ClassPathBeanDefinitionScanner   : Using candidate component class from index: com.example.customruntimeroutingdemo.router.FirstRouter
2022-03-16 01:43:30.900 DEBUG 17 --- [           main] o.s.c.a.ConfigurationClassParser         : Failed to resolve member class [org.springframework.boot.autoconfigure.websocket.servlet.WebSocketServletAutoConfiguration$UndertowWebSocketConfiguration] - not considering it as a configuration class candidate
2022-03-16 01:43:30.901 DEBUG 17 --- [           main] o.s.c.a.ConfigurationClassParser         : Failed to resolve member class [org.springframework.boot.autoconfigure.websocket.servlet.WebSocketServletAutoConfiguration$JettyWebSocketConfiguration] - not considering it as a configuration class candidate
2022-03-16 01:43:30.915 DEBUG 17 --- [           main] o.s.c.a.ConfigurationClassParser         : Failed to resolve member class [org.springframework.boot.autoconfigure.web.servlet.error.ErrorMvcAutoConfiguration$PreserveErrorControllerTargetClassPostProcessor] - not considering it as a configuration class candidate
2022-03-16 01:43:30.915 DEBUG 17 --- [           main] o.s.c.a.ConfigurationClassParser         : Failed to resolve member class [org.springframework.boot.autoconfigure.web.servlet.error.ErrorMvcAutoConfiguration$ErrorPageCustomizer] - not considering it as a configuration class candidate
2022-03-16 01:43:30.915 DEBUG 17 --- [           main] o.s.c.a.ConfigurationClassParser         : Failed to resolve member class [org.springframework.boot.autoconfigure.web.servlet.error.ErrorMvcAutoConfiguration$StaticView] - not considering it as a configuration class candidate
2022-03-16 01:43:30.917 DEBUG 17 --- [           main] o.s.c.a.ConfigurationClassParser         : Failed to resolve member class [org.springframework.boot.autoconfigure.web.servlet.WebMvcAutoConfiguration$OptionalPathExtensionContentNegotiationStrategy] - not considering it as a configuration class candidate
2022-03-16 01:43:30.917 DEBUG 17 --- [           main] o.s.c.a.ConfigurationClassParser         : Failed to resolve member class [org.springframework.boot.autoconfigure.web.servlet.WebMvcAutoConfiguration$ResourceChainResourceHandlerRegistrationCustomizer] - not considering it as a configuration class candidate
2022-03-16 01:43:30.917 DEBUG 17 --- [           main] o.s.c.a.ConfigurationClassParser         : Failed to resolve member class [org.springframework.boot.autoconfigure.web.servlet.WebMvcAutoConfiguration$ResourceHandlerRegistrationCustomizer] - not considering it as a configuration class candidate
2022-03-16 01:43:30.925 DEBUG 17 --- [           main] o.s.c.a.ConfigurationClassParser         : Failed to resolve member class [org.springframework.web.servlet.config.annotation.WebMvcConfigurationSupport$NoOpValidator] - not considering it as a configuration class candidate
2022-03-16 01:43:30.928 DEBUG 17 --- [           main] o.s.c.a.ConfigurationClassParser         : Failed to resolve member class [org.springframework.boot.autoconfigure.aop.AopAutoConfiguration$AspectJAutoProxyingConfiguration] - not considering it as a configuration class candidate
2022-03-16 01:43:30.928 DEBUG 17 --- [           main] o.s.c.e.PropertySourcesPropertyResolver  : Found key 'spring.aop.proxy-target-class' in PropertySource 'configurationProperties' with value of type String
2022-03-16 01:43:30.929 DEBUG 17 --- [           main] o.s.c.a.ConfigurationClassParser         : Failed to resolve member class [org.springframework.boot.autoconfigure.cache.CacheAutoConfiguration$CacheManagerValidator] - not considering it as a configuration class candidate
2022-03-16 01:43:30.930 DEBUG 17 --- [           main] o.s.c.type.filter.AssignableTypeFilter   : Could not read super class [org.springframework.boot.autoconfigure.data.jpa.EntityManagerFactoryDependsOnPostProcessor] of type-filtered class [org.springframework.boot.autoconfigure.cache.CacheAutoConfiguration$CacheManagerEntityManagerFactoryDependsOnPostProcessor]
2022-03-16 01:43:30.931 DEBUG 17 --- [           main] o.s.c.type.filter.AssignableTypeFilter   : Could not read super class [org.springframework.boot.autoconfigure.data.jpa.EntityManagerFactoryDependsOnPostProcessor] of type-filtered class [org.springframework.boot.autoconfigure.cache.CacheAutoConfiguration$CacheManagerEntityManagerFactoryDependsOnPostProcessor]
2022-03-16 01:43:30.934 DEBUG 17 --- [           main] o.s.c.a.ConfigurationClassParser         : Failed to resolve member class [org.springframework.boot.autoconfigure.jackson.JacksonAutoConfiguration$Jackson2ObjectMapperBuilderCustomizerConfiguration$StandardJackson2ObjectMapperBuilderCustomizer] - not considering it as a configuration class candidate
2022-03-16 01:43:30.936 DEBUG 17 --- [           main] o.s.c.a.ConfigurationClassParser         : Failed to resolve member class [org.springframework.boot.autoconfigure.http.JacksonHttpMessageConvertersConfiguration$MappingJackson2XmlHttpMessageConverterConfiguration] - not considering it as a configuration class candidate
2022-03-16 01:43:30.940 DEBUG 17 --- [           main] o.s.c.a.ConfigurationClassParser         : Failed to resolve member class [org.springframework.boot.autoconfigure.web.embedded.EmbeddedWebServerFactoryCustomizerAutoConfiguration$NettyWebServerFactoryCustomizerConfiguration] - not considering it as a configuration class candidate
2022-03-16 01:43:30.940 DEBUG 17 --- [           main] o.s.c.a.ConfigurationClassParser         : Failed to resolve member class [org.springframework.boot.autoconfigure.web.embedded.EmbeddedWebServerFactoryCustomizerAutoConfiguration$UndertowWebServerFactoryCustomizerConfiguration] - not considering it as a configuration class candidate
2022-03-16 01:43:30.940 DEBUG 17 --- [           main] o.s.c.a.ConfigurationClassParser         : Failed to resolve member class [org.springframework.boot.autoconfigure.web.embedded.EmbeddedWebServerFactoryCustomizerAutoConfiguration$JettyWebServerFactoryCustomizerConfiguration] - not considering it as a configuration class candidate
2022-03-16 01:43:30.941 DEBUG 17 --- [           main] o.s.c.a.ConfigurationClassParser         : Failed to resolve member class [org.springframework.boot.autoconfigure.web.servlet.HttpEncodingAutoConfiguration$LocaleCharsetMappingsCustomizer] - not considering it as a configuration class candidate
2022-03-16 01:43:30.973 DEBUG 17 --- [           main] o.s.b.f.s.DefaultListableBeanFactory     : Creating shared instance of singleton bean 'propertySourcesPlaceholderConfigurer'
2022-03-16 01:43:30.973 DEBUG 17 --- [           main] o.s.b.f.s.DefaultListableBeanFactory     : Creating shared instance of singleton bean 'org.springframework.context.event.internalEventListenerProcessor'
2022-03-16 01:43:30.973 DEBUG 17 --- [           main] o.s.b.f.s.DefaultListableBeanFactory     : Creating shared instance of singleton bean 'preserveErrorControllerTargetClassPostProcessor'
2022-03-16 01:43:30.974 DEBUG 17 --- [           main] o.s.b.f.s.DefaultListableBeanFactory     : Creating shared instance of singleton bean 'org.springframework.context.event.internalEventListenerFactory'
2022-03-16 01:43:30.974 DEBUG 17 --- [           main] o.s.b.f.s.DefaultListableBeanFactory     : Creating shared instance of singleton bean 'org.springframework.context.annotation.internalAutowiredAnnotationProcessor'
2022-03-16 01:43:30.975 DEBUG 17 --- [           main] o.s.b.f.s.DefaultListableBeanFactory     : Creating shared instance of singleton bean 'org.springframework.context.annotation.internalCommonAnnotationProcessor'
2022-03-16 01:43:30.975 DEBUG 17 --- [           main] o.s.b.f.s.DefaultListableBeanFactory     : Creating shared instance of singleton bean 'org.springframework.boot.context.properties.ConfigurationPropertiesBindingPostProcessor'
2022-03-16 01:43:30.975 DEBUG 17 --- [           main] o.s.b.f.s.DefaultListableBeanFactory     : Creating shared instance of singleton bean 'org.springframework.boot.context.internalConfigurationPropertiesBinder'
2022-03-16 01:43:30.975 DEBUG 17 --- [           main] o.s.b.f.s.DefaultListableBeanFactory     : Creating shared instance of singleton bean 'org.springframework.boot.context.internalConfigurationPropertiesBinderFactory'
2022-03-16 01:43:30.976 DEBUG 17 --- [           main] o.s.b.f.s.DefaultListableBeanFactory     : Creating shared instance of singleton bean 'webServerFactoryCustomizerBeanPostProcessor'
2022-03-16 01:43:30.976 DEBUG 17 --- [           main] o.s.b.f.s.DefaultListableBeanFactory     : Creating shared instance of singleton bean 'errorPageRegistrarBeanPostProcessor'
2022-03-16 01:43:30.976 DEBUG 17 --- [           main] o.s.u.c.s.UiApplicationContextUtils      : Unable to locate ThemeSource with name 'themeSource': using default [org.springframework.ui.context.support.ResourceBundleThemeSource@3108624]
2022-03-16 01:43:30.976 DEBUG 17 --- [           main] o.s.b.f.s.DefaultListableBeanFactory     : Creating shared instance of singleton bean 'tomcatServletWebServerFactory'
2022-03-16 01:43:30.977 DEBUG 17 --- [           main] o.s.b.f.s.DefaultListableBeanFactory     : Creating shared instance of singleton bean 'org.springframework.boot.autoconfigure.web.servlet.ServletWebServerFactoryConfiguration$EmbeddedTomcat'
2022-03-16 01:43:30.978 DEBUG 17 --- [           main] o.s.b.f.s.DefaultListableBeanFactory     : Creating shared instance of singleton bean 'websocketServletWebServerCustomizer'
2022-03-16 01:43:30.978 DEBUG 17 --- [           main] o.s.b.f.s.DefaultListableBeanFactory     : Creating shared instance of singleton bean 'org.springframework.boot.autoconfigure.websocket.servlet.WebSocketServletAutoConfiguration$TomcatWebSocketConfiguration'
2022-03-16 01:43:30.979 DEBUG 17 --- [           main] o.s.b.f.s.DefaultListableBeanFactory     : Creating shared instance of singleton bean 'servletWebServerFactoryCustomizer'
2022-03-16 01:43:30.980 DEBUG 17 --- [           main] o.s.b.f.s.DefaultListableBeanFactory     : Creating shared instance of singleton bean 'org.springframework.boot.autoconfigure.web.servlet.ServletWebServerFactoryAutoConfiguration'
2022-03-16 01:43:30.980 DEBUG 17 --- [           main] o.s.b.f.s.DefaultListableBeanFactory     : Creating shared instance of singleton bean 'server-org.springframework.boot.autoconfigure.web.ServerProperties'
2022-03-16 01:43:30.980 DEBUG 17 --- [           main] o.s.b.f.s.DefaultListableBeanFactory     : Creating shared instance of singleton bean 'org.springframework.boot.context.properties.BoundConfigurationProperties'
2022-03-16 01:43:30.982 DEBUG 17 --- [           main] iginAwareSystemEnvironmentPropertySource : PropertySource 'systemEnvironment' does not contain property 'server.port', but found equivalent 'server_port'
2022-03-16 01:43:30.983 DEBUG 17 --- [           main] o.s.b.f.s.DefaultListableBeanFactory     : Autowiring by type from bean name 'servletWebServerFactoryCustomizer' via factory method to bean named 'server-org.springframework.boot.autoconfigure.web.ServerProperties'
2022-03-16 01:43:30.984 DEBUG 17 --- [           main] o.s.b.f.s.DefaultListableBeanFactory     : Creating shared instance of singleton bean 'tomcatServletWebServerFactoryCustomizer'
2022-03-16 01:43:30.984 DEBUG 17 --- [           main] o.s.b.f.s.DefaultListableBeanFactory     : Autowiring by type from bean name 'tomcatServletWebServerFactoryCustomizer' via factory method to bean named 'server-org.springframework.boot.autoconfigure.web.ServerProperties'
2022-03-16 01:43:30.984 DEBUG 17 --- [           main] o.s.b.f.s.DefaultListableBeanFactory     : Creating shared instance of singleton bean 'tomcatWebServerFactoryCustomizer'
2022-03-16 01:43:30.984 DEBUG 17 --- [           main] o.s.b.f.s.DefaultListableBeanFactory     : Creating shared instance of singleton bean 'org.springframework.boot.autoconfigure.web.embedded.EmbeddedWebServerFactoryCustomizerAutoConfiguration$TomcatWebServerFactoryCustomizerConfiguration'
2022-03-16 01:43:30.984 DEBUG 17 --- [           main] o.s.b.f.s.DefaultListableBeanFactory     : Autowiring by type from bean name 'tomcatWebServerFactoryCustomizer' via factory method to bean named 'environment'
2022-03-16 01:43:30.984 DEBUG 17 --- [           main] o.s.b.f.s.DefaultListableBeanFactory     : Autowiring by type from bean name 'tomcatWebServerFactoryCustomizer' via factory method to bean named 'server-org.springframework.boot.autoconfigure.web.ServerProperties'
2022-03-16 01:43:30.985 DEBUG 17 --- [           main] o.s.b.f.s.DefaultListableBeanFactory     : Creating shared instance of singleton bean 'localeCharsetMappingsCustomizer'
2022-03-16 01:43:30.985 DEBUG 17 --- [           main] o.s.b.f.s.DefaultListableBeanFactory     : Creating shared instance of singleton bean 'org.springframework.boot.autoconfigure.web.servlet.HttpEncodingAutoConfiguration'
2022-03-16 01:43:30.985 DEBUG 17 --- [           main] o.s.b.f.s.DefaultListableBeanFactory     : Autowiring by type from bean name 'org.springframework.boot.autoconfigure.web.servlet.HttpEncodingAutoConfiguration' via constructor to bean named 'server-org.springframework.boot.autoconfigure.web.ServerProperties'
2022-03-16 01:43:30.986 DEBUG 17 --- [           main] o.s.b.f.s.DefaultListableBeanFactory     : Creating shared instance of singleton bean 'errorPageCustomizer'
2022-03-16 01:43:30.986 DEBUG 17 --- [           main] o.s.b.f.s.DefaultListableBeanFactory     : Creating shared instance of singleton bean 'org.springframework.boot.autoconfigure.web.servlet.error.ErrorMvcAutoConfiguration'
2022-03-16 01:43:30.986 DEBUG 17 --- [           main] o.s.b.f.s.DefaultListableBeanFactory     : Autowiring by type from bean name 'org.springframework.boot.autoconfigure.web.servlet.error.ErrorMvcAutoConfiguration' via constructor to bean named 'server-org.springframework.boot.autoconfigure.web.ServerProperties'
2022-03-16 01:43:30.986 DEBUG 17 --- [           main] o.s.b.f.s.DefaultListableBeanFactory     : Creating shared instance of singleton bean 'dispatcherServletRegistration'
2022-03-16 01:43:30.987 DEBUG 17 --- [           main] o.s.b.f.s.DefaultListableBeanFactory     : Creating shared instance of singleton bean 'org.springframework.boot.autoconfigure.web.servlet.DispatcherServletAutoConfiguration$DispatcherServletRegistrationConfiguration'
2022-03-16 01:43:30.987 DEBUG 17 --- [           main] o.s.b.f.s.DefaultListableBeanFactory     : Creating shared instance of singleton bean 'dispatcherServlet'
2022-03-16 01:43:30.987 DEBUG 17 --- [           main] o.s.b.f.s.DefaultListableBeanFactory     : Creating shared instance of singleton bean 'org.springframework.boot.autoconfigure.web.servlet.DispatcherServletAutoConfiguration$DispatcherServletConfiguration'
2022-03-16 01:43:30.987 DEBUG 17 --- [           main] o.s.b.f.s.DefaultListableBeanFactory     : Creating shared instance of singleton bean 'spring.mvc-org.springframework.boot.autoconfigure.web.servlet.WebMvcProperties'
2022-03-16 01:43:30.989 DEBUG 17 --- [           main] o.s.b.f.s.DefaultListableBeanFactory     : Autowiring by type from bean name 'dispatcherServlet' via factory method to bean named 'spring.mvc-org.springframework.boot.autoconfigure.web.servlet.WebMvcProperties'
2022-03-16 01:43:30.994 DEBUG 17 --- [           main] o.s.b.f.s.DefaultListableBeanFactory     : Autowiring by type from bean name 'dispatcherServletRegistration' via factory method to bean named 'dispatcherServlet'
2022-03-16 01:43:30.994 DEBUG 17 --- [           main] o.s.b.f.s.DefaultListableBeanFactory     : Autowiring by type from bean name 'dispatcherServletRegistration' via factory method to bean named 'spring.mvc-org.springframework.boot.autoconfigure.web.servlet.WebMvcProperties'
2022-03-16 01:43:30.994 DEBUG 17 --- [           main] o.s.b.f.s.DefaultListableBeanFactory     : Creating shared instance of singleton bean 'multipartConfigElement'
2022-03-16 01:43:30.994 DEBUG 17 --- [           main] o.s.b.f.s.DefaultListableBeanFactory     : Creating shared instance of singleton bean 'org.springframework.boot.autoconfigure.web.servlet.MultipartAutoConfiguration'
2022-03-16 01:43:30.994 DEBUG 17 --- [           main] o.s.b.f.s.DefaultListableBeanFactory     : Creating shared instance of singleton bean 'spring.servlet.multipart-org.springframework.boot.autoconfigure.web.servlet.MultipartProperties'
2022-03-16 01:43:30.997 DEBUG 17 --- [           main] o.s.b.f.s.DefaultListableBeanFactory     : Autowiring by type from bean name 'org.springframework.boot.autoconfigure.web.servlet.MultipartAutoConfiguration' via constructor to bean named 'spring.servlet.multipart-org.springframework.boot.autoconfigure.web.servlet.MultipartProperties'
2022-03-16 01:43:30.998 DEBUG 17 --- [           main] o.s.b.f.s.DefaultListableBeanFactory     : Autowiring by type from bean name 'errorPageCustomizer' via factory method to bean named 'dispatcherServletRegistration'
2022-03-16 01:43:31.088 DEBUG 17 --- [           main] .s.b.w.e.t.TomcatServletWebServerFactory : Code archive: /var/task/custom-runtime-routing-demo
2022-03-16 01:43:31.089 DEBUG 17 --- [           main] .s.b.w.e.t.TomcatServletWebServerFactory : Code archive: /var/task/custom-runtime-routing-demo
2022-03-16 01:43:31.095 DEBUG 17 --- [           main] .s.b.w.e.t.TomcatServletWebServerFactory : None of the document roots [src/main/webapp, public, static] point to a directory and will be ignored.
2022-03-16 01:43:31.100  INFO 17 --- [           main] o.s.b.w.embedded.tomcat.TomcatWebServer  : Tomcat initialized with port(s): 8090 (http)
Mar 16, 2022 1:43:31 AM org.apache.coyote.AbstractProtocol init
INFO: Initializing ProtocolHandler ["http-nio-8090"]
Mar 16, 2022 1:43:31 AM org.apache.catalina.core.StandardService startInternal
INFO: Starting service [Tomcat]
Mar 16, 2022 1:43:31 AM org.apache.catalina.core.StandardEngine startInternal
INFO: Starting Servlet engine: [Apache Tomcat/9.0.45]
Mar 16, 2022 1:43:31 AM org.apache.catalina.core.ApplicationContext log
INFO: Initializing Spring embedded WebApplicationContext
2022-03-16 01:43:31.123 DEBUG 17 --- [           main] w.s.c.ServletWebServerApplicationContext : Published root WebApplicationContext as ServletContext attribute with name [org.springframework.web.context.WebApplicationContext.ROOT]
2022-03-16 01:43:31.123  INFO 17 --- [           main] w.s.c.ServletWebServerApplicationContext : Root WebApplicationContext: initialization completed in 290 ms
2022-03-16 01:43:31.124 DEBUG 17 --- [           main] o.s.b.f.s.DefaultListableBeanFactory     : Creating shared instance of singleton bean 'requestContextFilter'
2022-03-16 01:43:31.125 DEBUG 17 --- [           main] o.s.b.f.s.DefaultListableBeanFactory     : Creating shared instance of singleton bean 'formContentFilter'
2022-03-16 01:43:31.126 DEBUG 17 --- [           main] o.s.b.f.s.DefaultListableBeanFactory     : Creating shared instance of singleton bean 'org.springframework.boot.autoconfigure.web.servlet.WebMvcAutoConfiguration'
2022-03-16 01:43:31.165 DEBUG 17 --- [           main] o.s.b.f.s.DefaultListableBeanFactory     : Creating shared instance of singleton bean 'characterEncodingFilter'
2022-03-16 01:43:31.167 DEBUG 17 --- [           main] o.s.b.w.s.ServletContextInitializerBeans : Mapping filters: characterEncodingFilter urls=[/*] order=-2147483648, formContentFilter urls=[/*] order=-9900, requestContextFilter urls=[/*] order=-105
2022-03-16 01:43:31.167 DEBUG 17 --- [           main] o.s.b.w.s.ServletContextInitializerBeans : Mapping servlets: dispatcherServlet urls=[/]
2022-03-16 01:43:31.174 DEBUG 17 --- [           main] o.s.b.w.s.f.OrderedRequestContextFilter  : Filter 'requestContextFilter' configured for use
2022-03-16 01:43:31.175 DEBUG 17 --- [           main] s.b.w.s.f.OrderedCharacterEncodingFilter : Filter 'characterEncodingFilter' configured for use
2022-03-16 01:43:31.175 DEBUG 17 --- [           main] o.s.b.w.s.f.OrderedFormContentFilter     : Filter 'formContentFilter' configured for use
2022-03-16 01:43:31.176 DEBUG 17 --- [           main] o.s.b.f.s.DefaultListableBeanFactory     : Creating shared instance of singleton bean 'customRuntimeEventLoop'
2022-03-16 01:43:31.176 DEBUG 17 --- [           main] o.s.b.f.s.DefaultListableBeanFactory     : Creating shared instance of singleton bean 'customRuntimeRoutingDemoApplication'
2022-03-16 01:43:31.176 DEBUG 17 --- [           main] o.s.b.f.s.DefaultListableBeanFactory     : Creating shared instance of singleton bean 'secondRouter'
2022-03-16 01:43:31.177 DEBUG 17 --- [           main] o.s.b.f.s.DefaultListableBeanFactory     : Creating shared instance of singleton bean 'firstRouter'
2022-03-16 01:43:31.177 DEBUG 17 --- [           main] o.s.b.f.s.DefaultListableBeanFactory     : Creating shared instance of singleton bean 'customRouter'
2022-03-16 01:43:31.177 DEBUG 17 --- [           main] o.s.b.f.s.DefaultListableBeanFactory     : Creating shared instance of singleton bean 'org.springframework.boot.autoconfigure.AutoConfigurationPackages'
2022-03-16 01:43:31.177 DEBUG 17 --- [           main] o.s.b.f.s.DefaultListableBeanFactory     : Creating shared instance of singleton bean 'org.springframework.boot.autoconfigure.context.PropertyPlaceholderAutoConfiguration'
2022-03-16 01:43:31.177 DEBUG 17 --- [           main] o.s.b.f.s.DefaultListableBeanFactory     : Creating shared instance of singleton bean 'org.springframework.boot.autoconfigure.websocket.servlet.WebSocketServletAutoConfiguration'
2022-03-16 01:43:31.178 DEBUG 17 --- [           main] o.s.b.f.s.DefaultListableBeanFactory     : Creating shared instance of singleton bean 'org.springframework.boot.context.properties.EnableConfigurationPropertiesRegistrar.methodValidationExcludeFilter'
2022-03-16 01:43:31.178 DEBUG 17 --- [           main] o.s.b.f.s.DefaultListableBeanFactory     : Creating shared instance of singleton bean 'org.springframework.boot.autoconfigure.web.servlet.DispatcherServletAutoConfiguration'
2022-03-16 01:43:31.178 DEBUG 17 --- [           main] o.s.b.f.s.DefaultListableBeanFactory     : Creating shared instance of singleton bean 'org.springframework.boot.autoconfigure.task.TaskExecutionAutoConfiguration'
2022-03-16 01:43:31.178 DEBUG 17 --- [           main] o.s.b.f.s.DefaultListableBeanFactory     : Creating shared instance of singleton bean 'taskExecutorBuilder'
2022-03-16 01:43:31.178 DEBUG 17 --- [           main] o.s.b.f.s.DefaultListableBeanFactory     : Creating shared instance of singleton bean 'spring.task.execution-org.springframework.boot.autoconfigure.task.TaskExecutionProperties'
2022-03-16 01:43:31.179 DEBUG 17 --- [           main] o.s.b.f.s.DefaultListableBeanFactory     : Autowiring by type from bean name 'taskExecutorBuilder' via factory method to bean named 'spring.task.execution-org.springframework.boot.autoconfigure.task.TaskExecutionProperties'
2022-03-16 01:43:31.180 DEBUG 17 --- [           main] o.s.b.f.s.DefaultListableBeanFactory     : Creating shared instance of singleton bean 'org.springframework.boot.autoconfigure.web.servlet.error.ErrorMvcAutoConfiguration$WhitelabelErrorViewConfiguration'
2022-03-16 01:43:31.180 DEBUG 17 --- [           main] o.s.b.f.s.DefaultListableBeanFactory     : Creating shared instance of singleton bean 'error'
2022-03-16 01:43:31.180 DEBUG 17 --- [           main] o.s.b.f.s.DefaultListableBeanFactory     : Creating shared instance of singleton bean 'beanNameViewResolver'
2022-03-16 01:43:31.181 DEBUG 17 --- [           main] o.s.b.f.s.DefaultListableBeanFactory     : Creating shared instance of singleton bean 'org.springframework.boot.autoconfigure.web.servlet.error.ErrorMvcAutoConfiguration$DefaultErrorViewResolverConfiguration'
2022-03-16 01:43:31.181 DEBUG 17 --- [           main] o.s.b.f.s.DefaultListableBeanFactory     : Creating shared instance of singleton bean 'spring.resources-org.springframework.boot.autoconfigure.web.ResourceProperties'
2022-03-16 01:43:31.183 DEBUG 17 --- [           main] o.s.b.f.s.DefaultListableBeanFactory     : Creating shared instance of singleton bean 'spring.web-org.springframework.boot.autoconfigure.web.WebProperties'
2022-03-16 01:43:31.184 DEBUG 17 --- [           main] o.s.b.f.s.DefaultListableBeanFactory     : Autowiring by type from bean name 'org.springframework.boot.autoconfigure.web.servlet.error.ErrorMvcAutoConfiguration$DefaultErrorViewResolverConfiguration' via constructor to bean named 'org.springframework.boot.web.servlet.context.AnnotationConfigServletWebServerApplicationContext@151aa947'
2022-03-16 01:43:31.184 DEBUG 17 --- [           main] o.s.b.f.s.DefaultListableBeanFactory     : Autowiring by type from bean name 'org.springframework.boot.autoconfigure.web.servlet.error.ErrorMvcAutoConfiguration$DefaultErrorViewResolverConfiguration' via constructor to bean named 'spring.resources-org.springframework.boot.autoconfigure.web.ResourceProperties'
2022-03-16 01:43:31.184 DEBUG 17 --- [           main] o.s.b.f.s.DefaultListableBeanFactory     : Autowiring by type from bean name 'org.springframework.boot.autoconfigure.web.servlet.error.ErrorMvcAutoConfiguration$DefaultErrorViewResolverConfiguration' via constructor to bean named 'spring.web-org.springframework.boot.autoconfigure.web.WebProperties'
2022-03-16 01:43:31.184 DEBUG 17 --- [           main] o.s.b.f.s.DefaultListableBeanFactory     : Creating shared instance of singleton bean 'conventionErrorViewResolver'
2022-03-16 01:43:31.185 DEBUG 17 --- [           main] o.s.b.f.s.DefaultListableBeanFactory     : Creating shared instance of singleton bean 'errorAttributes'
2022-03-16 01:43:31.185 DEBUG 17 --- [           main] o.s.b.f.s.DefaultListableBeanFactory     : Creating shared instance of singleton bean 'basicErrorController'
2022-03-16 01:43:31.185 DEBUG 17 --- [           main] o.s.b.f.s.DefaultListableBeanFactory     : Autowiring by type from bean name 'basicErrorController' via factory method to bean named 'errorAttributes'
2022-03-16 01:43:31.189 DEBUG 17 --- [           main] o.s.b.f.s.DefaultListableBeanFactory     : Creating shared instance of singleton bean 'org.springframework.boot.autoconfigure.web.servlet.WebMvcAutoConfiguration$EnableWebMvcConfiguration'
2022-03-16 01:43:31.189 DEBUG 17 --- [           main] o.s.b.f.s.DefaultListableBeanFactory     : Autowiring by type from bean name 'org.springframework.boot.autoconfigure.web.servlet.WebMvcAutoConfiguration$EnableWebMvcConfiguration' via constructor to bean named 'spring.resources-org.springframework.boot.autoconfigure.web.ResourceProperties'
2022-03-16 01:43:31.189 DEBUG 17 --- [           main] o.s.b.f.s.DefaultListableBeanFactory     : Autowiring by type from bean name 'org.springframework.boot.autoconfigure.web.servlet.WebMvcAutoConfiguration$EnableWebMvcConfiguration' via constructor to bean named 'spring.mvc-org.springframework.boot.autoconfigure.web.servlet.WebMvcProperties'
2022-03-16 01:43:31.189 DEBUG 17 --- [           main] o.s.b.f.s.DefaultListableBeanFactory     : Autowiring by type from bean name 'org.springframework.boot.autoconfigure.web.servlet.WebMvcAutoConfiguration$EnableWebMvcConfiguration' via constructor to bean named 'spring.web-org.springframework.boot.autoconfigure.web.WebProperties'
2022-03-16 01:43:31.189 DEBUG 17 --- [           main] o.s.b.f.s.DefaultListableBeanFactory     : Autowiring by type from bean name 'org.springframework.boot.autoconfigure.web.servlet.WebMvcAutoConfiguration$EnableWebMvcConfiguration' via constructor to bean named 'org.springframework.beans.factory.support.DefaultListableBeanFactory@85876f8'
2022-03-16 01:43:31.192 DEBUG 17 --- [           main] o.s.b.f.s.DefaultListableBeanFactory     : Creating shared instance of singleton bean 'org.springframework.boot.autoconfigure.web.servlet.WebMvcAutoConfiguration$WebMvcAutoConfigurationAdapter'
2022-03-16 01:43:31.193 DEBUG 17 --- [           main] o.s.b.f.s.DefaultListableBeanFactory     : Autowiring by type from bean name 'org.springframework.boot.autoconfigure.web.servlet.WebMvcAutoConfiguration$WebMvcAutoConfigurationAdapter' via constructor to bean named 'spring.web-org.springframework.boot.autoconfigure.web.WebProperties'
2022-03-16 01:43:31.193 DEBUG 17 --- [           main] o.s.b.f.s.DefaultListableBeanFactory     : Autowiring by type from bean name 'org.springframework.boot.autoconfigure.web.servlet.WebMvcAutoConfiguration$WebMvcAutoConfigurationAdapter' via constructor to bean named 'spring.mvc-org.springframework.boot.autoconfigure.web.servlet.WebMvcProperties'
2022-03-16 01:43:31.193 DEBUG 17 --- [           main] o.s.b.f.s.DefaultListableBeanFactory     : Autowiring by type from bean name 'org.springframework.boot.autoconfigure.web.servlet.WebMvcAutoConfiguration$WebMvcAutoConfigurationAdapter' via constructor to bean named 'org.springframework.beans.factory.support.DefaultListableBeanFactory@85876f8'
2022-03-16 01:43:31.193 DEBUG 17 --- [           main] o.s.b.f.s.DefaultListableBeanFactory     : Creating shared instance of singleton bean 'requestMappingHandlerAdapter'
2022-03-16 01:43:31.194 DEBUG 17 --- [           main] o.s.b.f.s.DefaultListableBeanFactory     : Creating shared instance of singleton bean 'mvcContentNegotiationManager'
2022-03-16 01:43:31.194 DEBUG 17 --- [           main] o.s.b.f.s.DefaultListableBeanFactory     : Creating shared instance of singleton bean 'mvcConversionService'
2022-03-16 01:43:31.196 DEBUG 17 --- [           main] o.s.b.f.s.DefaultListableBeanFactory     : Creating shared instance of singleton bean 'mvcValidator'
2022-03-16 01:43:31.197 DEBUG 17 --- [           main] o.s.b.f.s.DefaultListableBeanFactory     : Autowiring by type from bean name 'requestMappingHandlerAdapter' via factory method to bean named 'mvcContentNegotiationManager'
2022-03-16 01:43:31.197 DEBUG 17 --- [           main] o.s.b.f.s.DefaultListableBeanFactory     : Autowiring by type from bean name 'requestMappingHandlerAdapter' via factory method to bean named 'mvcConversionService'
2022-03-16 01:43:31.197 DEBUG 17 --- [           main] o.s.b.f.s.DefaultListableBeanFactory     : Autowiring by type from bean name 'requestMappingHandlerAdapter' via factory method to bean named 'mvcValidator'
2022-03-16 01:43:31.199 DEBUG 17 --- [           main] ocalVariableTableParameterNameDiscoverer : ASM ClassReader failed to parse class file [class org.springframework.web.servlet.config.annotation.WebMvcConfigurationSupport], probably due to a new Java class file version that isn't supported yet - unable to determine constructor/method parameter names

java.lang.IllegalArgumentException: Could not find class [javax.servlet.ServletContext]
	at org.springframework.util.ClassUtils.resolveClassName(ClassUtils.java:334) ~[na:na]
	at org.springframework.core.LocalVariableTableParameterNameDiscoverer$LocalVariableTableVisitor.resolveExecutable(LocalVariableTableParameterNameDiscoverer.java:233) ~[na:na]
	at org.springframework.core.LocalVariableTableParameterNameDiscoverer$LocalVariableTableVisitor.visitEnd(LocalVariableTableParameterNameDiscoverer.java:225) ~[na:na]
	at org.springframework.asm.ClassReader.readMethod(ClassReader.java:1495) ~[na:na]
	at org.springframework.asm.ClassReader.accept(ClassReader.java:721) ~[na:na]
	at org.springframework.asm.ClassReader.accept(ClassReader.java:401) ~[na:na]
	at org.springframework.core.LocalVariableTableParameterNameDiscoverer.inspectClass(LocalVariableTableParameterNameDiscoverer.java:107) ~[na:na]
	at java.util.concurrent.ConcurrentHashMap.computeIfAbsent(ConcurrentHashMap.java:1705) ~[na:na]
	at org.springframework.core.LocalVariableTableParameterNameDiscoverer.doGetParameterNames(LocalVariableTableParameterNameDiscoverer.java:84) ~[na:na]
	at org.springframework.core.LocalVariableTableParameterNameDiscoverer.getParameterNames(LocalVariableTableParameterNameDiscoverer.java:72) ~[na:na]
	at org.springframework.core.PrioritizedParameterNameDiscoverer.getParameterNames(PrioritizedParameterNameDiscoverer.java:55) ~[na:na]
	at org.springframework.beans.factory.support.ConstructorResolver.instantiateUsingFactoryMethod(ConstructorResolver.java:539) ~[na:na]
	at org.springframework.beans.factory.support.AbstractAutowireCapableBeanFactory.instantiateUsingFactoryMethod(AbstractAutowireCapableBeanFactory.java:1334) ~[na:na]
	at org.springframework.beans.factory.support.AbstractAutowireCapableBeanFactory.createBeanInstance(AbstractAutowireCapableBeanFactory.java:1177) ~[na:na]
	at org.springframework.beans.factory.support.AbstractAutowireCapableBeanFactory.doCreateBean(AbstractAutowireCapableBeanFactory.java:564) ~[na:na]
	at org.springframework.beans.factory.support.AbstractAutowireCapableBeanFactory.createBean(AbstractAutowireCapableBeanFactory.java:524) ~[na:na]
	at org.springframework.beans.factory.support.AbstractBeanFactory.lambda$doGetBean$0(AbstractBeanFactory.java:335) ~[na:na]
	at org.springframework.beans.factory.support.DefaultSingletonBeanRegistry.getSingleton(DefaultSingletonBeanRegistry.java:234) ~[na:na]
	at org.springframework.beans.factory.support.AbstractBeanFactory.doGetBean(AbstractBeanFactory.java:333) ~[na:na]
	at org.springframework.beans.factory.support.AbstractBeanFactory.getBean(AbstractBeanFactory.java:208) ~[na:na]
	at org.springframework.beans.factory.support.DefaultListableBeanFactory.preInstantiateSingletons(DefaultListableBeanFactory.java:944) ~[na:na]
	at org.springframework.context.support.AbstractApplicationContext.finishBeanFactoryInitialization(AbstractApplicationContext.java:918) ~[na:na]
	at org.springframework.context.support.AbstractApplicationContext.refresh(AbstractApplicationContext.java:583) ~[na:na]
	at org.springframework.boot.web.servlet.context.ServletWebServerApplicationContext.refresh(ServletWebServerApplicationContext.java:144) ~[na:na]
	at org.springframework.boot.SpringApplication.refresh(SpringApplication.java:782) ~[custom-runtime-routing-demo:2.4.5]
	at org.springframework.boot.SpringApplication.refresh(SpringApplication.java:774) ~[custom-runtime-routing-demo:2.4.5]
	at org.springframework.boot.SpringApplication.refreshContext(SpringApplication.java:439) ~[custom-runtime-routing-demo:2.4.5]
	at org.springframework.boot.SpringApplication.run(SpringApplication.java:339) ~[custom-runtime-routing-demo:2.4.5]
	at org.springframework.boot.SpringApplication.run(SpringApplication.java:1340) ~[custom-runtime-routing-demo:2.4.5]
	at org.springframework.boot.SpringApplication.run(SpringApplication.java:1329) ~[custom-runtime-routing-demo:2.4.5]
	at com.example.customruntimeroutingdemo.CustomRuntimeRoutingDemoApplication.main(CustomRuntimeRoutingDemoApplication.java:15) ~[custom-runtime-routing-demo:0.0.1-SNAPSHOT]
Caused by: java.lang.ClassNotFoundException: javax.servlet.ServletContext
	at java.lang.Class.forName(DynamicHub.java:1347) ~[na:na]
	at org.springframework.util.ClassUtils.forName(ClassUtils.java:284) ~[na:na]
	at org.springframework.util.ClassUtils.resolveClassName(ClassUtils.java:324) ~[na:na]
	... 30 common frames omitted

2022-03-16 01:43:31.201 DEBUG 17 --- [           main] o.s.b.f.s.DefaultListableBeanFactory     : Autowiring by type from bean name 'requestMappingHandlerAdapter' via factory method to bean named 'mvcContentNegotiationManager'
2022-03-16 01:43:31.201 DEBUG 17 --- [           main] o.s.b.f.s.DefaultListableBeanFactory     : Autowiring by type from bean name 'requestMappingHandlerAdapter' via factory method to bean named 'mvcConversionService'
2022-03-16 01:43:31.201 DEBUG 17 --- [           main] o.s.b.f.s.DefaultListableBeanFactory     : Autowiring by type from bean name 'requestMappingHandlerAdapter' via factory method to bean named 'mvcValidator'
2022-03-16 01:43:31.208 DEBUG 17 --- [           main] o.s.b.f.s.DefaultListableBeanFactory     : Creating shared instance of singleton bean 'messageConverters'
2022-03-16 01:43:31.208 DEBUG 17 --- [           main] o.s.b.f.s.DefaultListableBeanFactory     : Creating shared instance of singleton bean 'org.springframework.boot.autoconfigure.http.HttpMessageConvertersAutoConfiguration'
2022-03-16 01:43:31.208 DEBUG 17 --- [           main] o.s.b.f.s.DefaultListableBeanFactory     : Creating shared instance of singleton bean 'stringHttpMessageConverter'
2022-03-16 01:43:31.208 DEBUG 17 --- [           main] o.s.b.f.s.DefaultListableBeanFactory     : Creating shared instance of singleton bean 'org.springframework.boot.autoconfigure.http.HttpMessageConvertersAutoConfiguration$StringHttpMessageConverterConfiguration'
2022-03-16 01:43:31.209 DEBUG 17 --- [           main] o.s.b.f.s.DefaultListableBeanFactory     : Autowiring by type from bean name 'stringHttpMessageConverter' via factory method to bean named 'environment'
2022-03-16 01:43:31.210 DEBUG 17 --- [           main] o.s.b.f.s.DefaultListableBeanFactory     : Creating shared instance of singleton bean 'mappingJackson2HttpMessageConverter'
2022-03-16 01:43:31.210 DEBUG 17 --- [           main] o.s.b.f.s.DefaultListableBeanFactory     : Creating shared instance of singleton bean 'org.springframework.boot.autoconfigure.http.JacksonHttpMessageConvertersConfiguration$MappingJackson2HttpMessageConverterConfiguration'
2022-03-16 01:43:31.210 DEBUG 17 --- [           main] o.s.b.f.s.DefaultListableBeanFactory     : Creating shared instance of singleton bean 'jacksonObjectMapper'
2022-03-16 01:43:31.211 DEBUG 17 --- [           main] o.s.b.f.s.DefaultListableBeanFactory     : Creating shared instance of singleton bean 'org.springframework.boot.autoconfigure.jackson.JacksonAutoConfiguration$JacksonObjectMapperConfiguration'
2022-03-16 01:43:31.211 DEBUG 17 --- [           main] o.s.b.f.s.DefaultListableBeanFactory     : Creating shared instance of singleton bean 'org.springframework.boot.autoconfigure.jackson.JacksonAutoConfiguration$JacksonObjectMapperBuilderConfiguration'
2022-03-16 01:43:31.211 DEBUG 17 --- [           main] o.s.b.f.s.DefaultListableBeanFactory     : Creating shared instance of singleton bean 'standardJacksonObjectMapperBuilderCustomizer'
2022-03-16 01:43:31.211 DEBUG 17 --- [           main] o.s.b.f.s.DefaultListableBeanFactory     : Creating shared instance of singleton bean 'org.springframework.boot.autoconfigure.jackson.JacksonAutoConfiguration$Jackson2ObjectMapperBuilderCustomizerConfiguration'
2022-03-16 01:43:31.212 DEBUG 17 --- [           main] o.s.b.f.s.DefaultListableBeanFactory     : Creating shared instance of singleton bean 'spring.jackson-org.springframework.boot.autoconfigure.jackson.JacksonProperties'
2022-03-16 01:43:31.214 DEBUG 17 --- [           main] o.s.b.f.s.DefaultListableBeanFactory     : Autowiring by type from bean name 'standardJacksonObjectMapperBuilderCustomizer' via factory method to bean named 'org.springframework.boot.web.servlet.context.AnnotationConfigServletWebServerApplicationContext@151aa947'
2022-03-16 01:43:31.214 DEBUG 17 --- [           main] o.s.b.f.s.DefaultListableBeanFactory     : Autowiring by type from bean name 'standardJacksonObjectMapperBuilderCustomizer' via factory method to bean named 'spring.jackson-org.springframework.boot.autoconfigure.jackson.JacksonProperties'
2022-03-16 01:43:31.214 DEBUG 17 --- [           main] o.s.b.f.s.DefaultListableBeanFactory     : Autowiring by type from bean name 'jacksonObjectMapperBuilder' via factory method to bean named 'org.springframework.boot.web.servlet.context.AnnotationConfigServletWebServerApplicationContext@151aa947'
2022-03-16 01:43:31.214 DEBUG 17 --- [           main] o.s.b.f.s.DefaultListableBeanFactory     : Autowiring by type from bean name 'jacksonObjectMapperBuilder' via factory method to bean named 'standardJacksonObjectMapperBuilderCustomizer'
2022-03-16 01:43:31.215 DEBUG 17 --- [           main] o.s.b.f.s.DefaultListableBeanFactory     : Creating shared instance of singleton bean 'parameterNamesModule'
2022-03-16 01:43:31.215 DEBUG 17 --- [           main] o.s.b.f.s.DefaultListableBeanFactory     : Creating shared instance of singleton bean 'org.springframework.boot.autoconfigure.jackson.JacksonAutoConfiguration$ParameterNamesModuleConfiguration'
2022-03-16 01:43:31.215 DEBUG 17 --- [           main] o.s.b.f.s.DefaultListableBeanFactory     : Creating shared instance of singleton bean 'jsonComponentModule'
2022-03-16 01:43:31.215 DEBUG 17 --- [           main] o.s.b.f.s.DefaultListableBeanFactory     : Creating shared instance of singleton bean 'org.springframework.boot.autoconfigure.jackson.JacksonAutoConfiguration'
2022-03-16 01:43:31.217 DEBUG 17 --- [           main] o.s.b.f.s.DefaultListableBeanFactory     : Autowiring by type from bean name 'jacksonObjectMapper' via factory method to bean named 'jacksonObjectMapperBuilder'
2022-03-16 01:43:31.217 DEBUG 17 --- [           main] o.s.b.f.s.DefaultListableBeanFactory     : Autowiring by type from bean name 'mappingJackson2HttpMessageConverter' via factory method to bean named 'jacksonObjectMapper'
2022-03-16 01:43:31.218 DEBUG 17 --- [           main] o.s.b.f.s.DefaultListableBeanFactory     : Creating shared instance of singleton bean 'applicationTaskExecutor'
2022-03-16 01:43:31.219 DEBUG 17 --- [           main] o.s.b.f.s.DefaultListableBeanFactory     : Autowiring by type from bean name 'applicationTaskExecutor' via factory method to bean named 'taskExecutorBuilder'
2022-03-16 01:43:31.219  INFO 17 --- [           main] o.s.s.concurrent.ThreadPoolTaskExecutor  : Initializing ExecutorService 'applicationTaskExecutor'
2022-03-16 01:43:31.220 DEBUG 17 --- [           main] s.w.s.m.m.a.RequestMappingHandlerAdapter : ControllerAdvice beans: 0 @ModelAttribute, 0 @InitBinder, 1 RequestBodyAdvice, 1 ResponseBodyAdvice
2022-03-16 01:43:31.224 DEBUG 17 --- [           main] o.s.b.f.s.DefaultListableBeanFactory     : Creating shared instance of singleton bean 'requestMappingHandlerMapping'
2022-03-16 01:43:31.225 DEBUG 17 --- [           main] o.s.b.f.s.DefaultListableBeanFactory     : Creating shared instance of singleton bean 'mvcResourceUrlProvider'
2022-03-16 01:43:31.225 DEBUG 17 --- [           main] o.s.b.f.s.DefaultListableBeanFactory     : Autowiring by type from bean name 'requestMappingHandlerMapping' via factory method to bean named 'mvcContentNegotiationManager'
2022-03-16 01:43:31.225 DEBUG 17 --- [           main] o.s.b.f.s.DefaultListableBeanFactory     : Autowiring by type from bean name 'requestMappingHandlerMapping' via factory method to bean named 'mvcConversionService'
2022-03-16 01:43:31.225 DEBUG 17 --- [           main] o.s.b.f.s.DefaultListableBeanFactory     : Autowiring by type from bean name 'requestMappingHandlerMapping' via factory method to bean named 'mvcResourceUrlProvider'
2022-03-16 01:43:31.225 DEBUG 17 --- [           main] o.s.b.f.s.DefaultListableBeanFactory     : Autowiring by type from bean name 'requestMappingHandlerMapping' via factory method to bean named 'mvcContentNegotiationManager'
2022-03-16 01:43:31.226 DEBUG 17 --- [           main] o.s.b.f.s.DefaultListableBeanFactory     : Autowiring by type from bean name 'requestMappingHandlerMapping' via factory method to bean named 'mvcConversionService'
2022-03-16 01:43:31.226 DEBUG 17 --- [           main] o.s.b.f.s.DefaultListableBeanFactory     : Autowiring by type from bean name 'requestMappingHandlerMapping' via factory method to bean named 'mvcResourceUrlProvider'
2022-03-16 01:43:31.229 DEBUG 17 --- [           main] _.s.web.servlet.HandlerMapping.Mappings  : 
	o.s.b.a.w.s.e.BasicErrorController:
	{ [/error], produces [text/html]}: errorHtml(HttpServletRequest,HttpServletResponse)
	{ [/error]}: error(HttpServletRequest)
2022-03-16 01:43:31.230 DEBUG 17 --- [           main] s.w.s.m.m.a.RequestMappingHandlerMapping : 2 mappings in 'requestMappingHandlerMapping'
2022-03-16 01:43:31.230 DEBUG 17 --- [           main] o.s.b.f.s.DefaultListableBeanFactory     : Creating shared instance of singleton bean 'welcomePageHandlerMapping'
2022-03-16 01:43:31.230 DEBUG 17 --- [           main] o.s.b.f.s.DefaultListableBeanFactory     : Autowiring by type from bean name 'welcomePageHandlerMapping' via factory method to bean named 'org.springframework.boot.web.servlet.context.AnnotationConfigServletWebServerApplicationContext@151aa947'
2022-03-16 01:43:31.230 DEBUG 17 --- [           main] o.s.b.f.s.DefaultListableBeanFactory     : Autowiring by type from bean name 'welcomePageHandlerMapping' via factory method to bean named 'mvcConversionService'
2022-03-16 01:43:31.230 DEBUG 17 --- [           main] o.s.b.f.s.DefaultListableBeanFactory     : Autowiring by type from bean name 'welcomePageHandlerMapping' via factory method to bean named 'mvcResourceUrlProvider'
2022-03-16 01:43:31.231 DEBUG 17 --- [           main] o.s.b.f.s.DefaultListableBeanFactory     : Creating shared instance of singleton bean 'localeResolver'
2022-03-16 01:43:31.231 DEBUG 17 --- [           main] o.s.b.f.s.DefaultListableBeanFactory     : Creating shared instance of singleton bean 'themeResolver'
2022-03-16 01:43:31.231 DEBUG 17 --- [           main] o.s.b.f.s.DefaultListableBeanFactory     : Creating shared instance of singleton bean 'flashMapManager'
2022-03-16 01:43:31.232 DEBUG 17 --- [           main] o.s.b.f.s.DefaultListableBeanFactory     : Creating shared instance of singleton bean 'mvcPatternParser'
2022-03-16 01:43:31.232 DEBUG 17 --- [           main] o.s.b.f.s.DefaultListableBeanFactory     : Creating shared instance of singleton bean 'mvcUrlPathHelper'
2022-03-16 01:43:31.232 DEBUG 17 --- [           main] o.s.b.f.s.DefaultListableBeanFactory     : Creating shared instance of singleton bean 'mvcPathMatcher'
2022-03-16 01:43:31.232 DEBUG 17 --- [           main] o.s.b.f.s.DefaultListableBeanFactory     : Creating shared instance of singleton bean 'viewControllerHandlerMapping'
2022-03-16 01:43:31.232 DEBUG 17 --- [           main] o.s.b.f.s.DefaultListableBeanFactory     : Autowiring by type from bean name 'viewControllerHandlerMapping' via factory method to bean named 'mvcConversionService'
2022-03-16 01:43:31.233 DEBUG 17 --- [           main] o.s.b.f.s.DefaultListableBeanFactory     : Autowiring by type from bean name 'viewControllerHandlerMapping' via factory method to bean named 'mvcResourceUrlProvider'
2022-03-16 01:43:31.233 DEBUG 17 --- [           main] o.s.b.f.s.DefaultListableBeanFactory     : Creating shared instance of singleton bean 'beanNameHandlerMapping'
2022-03-16 01:43:31.233 DEBUG 17 --- [           main] o.s.b.f.s.DefaultListableBeanFactory     : Autowiring by type from bean name 'beanNameHandlerMapping' via factory method to bean named 'mvcConversionService'
2022-03-16 01:43:31.233 DEBUG 17 --- [           main] o.s.b.f.s.DefaultListableBeanFactory     : Autowiring by type from bean name 'beanNameHandlerMapping' via factory method to bean named 'mvcResourceUrlProvider'
2022-03-16 01:43:31.234 DEBUG 17 --- [           main] _.s.web.servlet.HandlerMapping.Mappings  : 'beanNameHandlerMapping' {}
2022-03-16 01:43:31.234 DEBUG 17 --- [           main] o.s.b.f.s.DefaultListableBeanFactory     : Creating shared instance of singleton bean 'routerFunctionMapping'
2022-03-16 01:43:31.235 DEBUG 17 --- [           main] o.s.b.f.s.DefaultListableBeanFactory     : Autowiring by type from bean name 'routerFunctionMapping' via factory method to bean named 'mvcConversionService'
2022-03-16 01:43:31.235 DEBUG 17 --- [           main] o.s.b.f.s.DefaultListableBeanFactory     : Autowiring by type from bean name 'routerFunctionMapping' via factory method to bean named 'mvcResourceUrlProvider'
2022-03-16 01:43:31.235 DEBUG 17 --- [           main] o.s.b.f.s.DefaultListableBeanFactory     : Creating shared instance of singleton bean 'resourceHandlerMapping'
2022-03-16 01:43:31.235 DEBUG 17 --- [           main] o.s.b.f.s.DefaultListableBeanFactory     : Autowiring by type from bean name 'resourceHandlerMapping' via factory method to bean named 'mvcContentNegotiationManager'
2022-03-16 01:43:31.235 DEBUG 17 --- [           main] o.s.b.f.s.DefaultListableBeanFactory     : Autowiring by type from bean name 'resourceHandlerMapping' via factory method to bean named 'mvcConversionService'
2022-03-16 01:43:31.235 DEBUG 17 --- [           main] o.s.b.f.s.DefaultListableBeanFactory     : Autowiring by type from bean name 'resourceHandlerMapping' via factory method to bean named 'mvcResourceUrlProvider'
2022-03-16 01:43:31.237 DEBUG 17 --- [           main] _.s.web.servlet.HandlerMapping.Mappings  : 'resourceHandlerMapping' {/webjars/**=ResourceHttpRequestHandler [Classpath [META-INF/resources/webjars/]], /**=ResourceHttpRequestHandler [Classpath [META-INF/resources/], Classpath [resources/], Classpath [static/], Classpath [public/], ServletContext [/]]}
2022-03-16 01:43:31.237 DEBUG 17 --- [           main] o.s.b.f.s.DefaultListableBeanFactory     : Creating shared instance of singleton bean 'defaultServletHandlerMapping'
2022-03-16 01:43:31.237 DEBUG 17 --- [           main] o.s.b.f.s.DefaultListableBeanFactory     : Creating shared instance of singleton bean 'handlerFunctionAdapter'
2022-03-16 01:43:31.238 DEBUG 17 --- [           main] o.s.b.f.s.DefaultListableBeanFactory     : Creating shared instance of singleton bean 'mvcUriComponentsContributor'
2022-03-16 01:43:31.238 DEBUG 17 --- [           main] o.s.b.f.s.DefaultListableBeanFactory     : Autowiring by type from bean name 'mvcUriComponentsContributor' via factory method to bean named 'mvcConversionService'
2022-03-16 01:43:31.239 DEBUG 17 --- [           main] o.s.b.f.s.DefaultListableBeanFactory     : Autowiring by type from bean name 'mvcUriComponentsContributor' via factory method to bean named 'requestMappingHandlerAdapter'
2022-03-16 01:43:31.239 DEBUG 17 --- [           main] o.s.b.f.s.DefaultListableBeanFactory     : Creating shared instance of singleton bean 'httpRequestHandlerAdapter'
2022-03-16 01:43:31.239 DEBUG 17 --- [           main] o.s.b.f.s.DefaultListableBeanFactory     : Creating shared instance of singleton bean 'simpleControllerHandlerAdapter'
2022-03-16 01:43:31.239 DEBUG 17 --- [           main] o.s.b.f.s.DefaultListableBeanFactory     : Creating shared instance of singleton bean 'handlerExceptionResolver'
2022-03-16 01:43:31.239 DEBUG 17 --- [           main] o.s.b.f.s.DefaultListableBeanFactory     : Autowiring by type from bean name 'handlerExceptionResolver' via factory method to bean named 'mvcContentNegotiationManager'
2022-03-16 01:43:31.240 DEBUG 17 --- [           main] .m.m.a.ExceptionHandlerExceptionResolver : ControllerAdvice beans: 0 @ExceptionHandler, 1 ResponseBodyAdvice
2022-03-16 01:43:31.241 DEBUG 17 --- [           main] o.s.b.f.s.DefaultListableBeanFactory     : Creating shared instance of singleton bean 'mvcViewResolver'
2022-03-16 01:43:31.241 DEBUG 17 --- [           main] o.s.b.f.s.DefaultListableBeanFactory     : Autowiring by type from bean name 'mvcViewResolver' via factory method to bean named 'mvcContentNegotiationManager'
2022-03-16 01:43:31.241 DEBUG 17 --- [           main] o.s.b.f.s.DefaultListableBeanFactory     : Creating shared instance of singleton bean 'viewNameTranslator'
2022-03-16 01:43:31.241 DEBUG 17 --- [           main] o.s.b.f.s.DefaultListableBeanFactory     : Creating shared instance of singleton bean 'defaultViewResolver'
2022-03-16 01:43:31.242 DEBUG 17 --- [           main] o.s.b.f.s.DefaultListableBeanFactory     : Creating shared instance of singleton bean 'viewResolver'
2022-03-16 01:43:31.242 DEBUG 17 --- [           main] o.s.b.f.s.DefaultListableBeanFactory     : Autowiring by type from bean name 'viewResolver' via factory method to bean named 'org.springframework.beans.factory.support.DefaultListableBeanFactory@85876f8'
2022-03-16 01:43:31.242 DEBUG 17 --- [           main] o.s.b.f.s.DefaultListableBeanFactory     : Creating shared instance of singleton bean 'org.springframework.boot.autoconfigure.aop.AopAutoConfiguration'
2022-03-16 01:43:31.243 DEBUG 17 --- [           main] o.s.b.f.s.DefaultListableBeanFactory     : Creating shared instance of singleton bean 'org.springframework.boot.autoconfigure.availability.ApplicationAvailabilityAutoConfiguration'
2022-03-16 01:43:31.243 DEBUG 17 --- [           main] o.s.b.f.s.DefaultListableBeanFactory     : Creating shared instance of singleton bean 'applicationAvailability'
2022-03-16 01:43:31.243 DEBUG 17 --- [           main] o.s.b.f.s.DefaultListableBeanFactory     : Creating shared instance of singleton bean 'org.springframework.boot.autoconfigure.context.ConfigurationPropertiesAutoConfiguration'
2022-03-16 01:43:31.243 DEBUG 17 --- [           main] o.s.b.f.s.DefaultListableBeanFactory     : Creating shared instance of singleton bean 'org.springframework.boot.autoconfigure.context.LifecycleAutoConfiguration'
2022-03-16 01:43:31.243 DEBUG 17 --- [           main] o.s.b.f.s.DefaultListableBeanFactory     : Creating shared instance of singleton bean 'lifecycleProcessor'
2022-03-16 01:43:31.244 DEBUG 17 --- [           main] o.s.b.f.s.DefaultListableBeanFactory     : Creating shared instance of singleton bean 'spring.lifecycle-org.springframework.boot.autoconfigure.context.LifecycleProperties'
2022-03-16 01:43:31.244 DEBUG 17 --- [           main] o.s.b.f.s.DefaultListableBeanFactory     : Autowiring by type from bean name 'lifecycleProcessor' via factory method to bean named 'spring.lifecycle-org.springframework.boot.autoconfigure.context.LifecycleProperties'
2022-03-16 01:43:31.245 DEBUG 17 --- [           main] o.s.b.f.s.DefaultListableBeanFactory     : Creating shared instance of singleton bean 'org.springframework.boot.autoconfigure.http.JacksonHttpMessageConvertersConfiguration'
2022-03-16 01:43:31.245 DEBUG 17 --- [           main] o.s.b.f.s.DefaultListableBeanFactory     : Creating shared instance of singleton bean 'org.springframework.boot.autoconfigure.info.ProjectInfoAutoConfiguration'
2022-03-16 01:43:31.246 DEBUG 17 --- [           main] o.s.b.f.s.DefaultListableBeanFactory     : Creating shared instance of singleton bean 'spring.info-org.springframework.boot.autoconfigure.info.ProjectInfoProperties'
2022-03-16 01:43:31.246 DEBUG 17 --- [           main] o.s.b.f.s.DefaultListableBeanFactory     : Autowiring by type from bean name 'org.springframework.boot.autoconfigure.info.ProjectInfoAutoConfiguration' via constructor to bean named 'spring.info-org.springframework.boot.autoconfigure.info.ProjectInfoProperties'
2022-03-16 01:43:31.246 DEBUG 17 --- [           main] o.s.b.f.s.DefaultListableBeanFactory     : Creating shared instance of singleton bean 'org.springframework.boot.autoconfigure.task.TaskSchedulingAutoConfiguration'
2022-03-16 01:43:31.246 DEBUG 17 --- [           main] o.s.b.f.s.DefaultListableBeanFactory     : Creating shared instance of singleton bean 'taskSchedulerBuilder'
2022-03-16 01:43:31.247 DEBUG 17 --- [           main] o.s.b.f.s.DefaultListableBeanFactory     : Creating shared instance of singleton bean 'spring.task.scheduling-org.springframework.boot.autoconfigure.task.TaskSchedulingProperties'
2022-03-16 01:43:31.247 DEBUG 17 --- [           main] o.s.b.f.s.DefaultListableBeanFactory     : Autowiring by type from bean name 'taskSchedulerBuilder' via factory method to bean named 'spring.task.scheduling-org.springframework.boot.autoconfigure.task.TaskSchedulingProperties'
2022-03-16 01:43:31.247 DEBUG 17 --- [           main] o.s.b.f.s.DefaultListableBeanFactory     : Creating shared instance of singleton bean 'org.springframework.boot.autoconfigure.web.client.RestTemplateAutoConfiguration'
2022-03-16 01:43:31.247 DEBUG 17 --- [           main] o.s.b.f.s.DefaultListableBeanFactory     : Creating shared instance of singleton bean 'org.springframework.boot.autoconfigure.web.embedded.EmbeddedWebServerFactoryCustomizerAutoConfiguration'
2022-03-16 01:43:31.248 DEBUG 17 --- [           main] o.s.b.f.s.DefaultListableBeanFactory     : Creating shared instance of singleton bean 'multipartResolver'
2022-03-16 01:43:31.248 DEBUG 17 --- [           main] o.s.b.f.s.DefaultListableBeanFactory     : Creating shared instance of singleton bean 'org.springframework.cloud.function.cloudevent.CloudEventsFunctionExtensionConfiguration'
2022-03-16 01:43:31.248 DEBUG 17 --- [           main] o.s.b.f.s.DefaultListableBeanFactory     : Creating shared instance of singleton bean 'nativeFunctionInvocationHelper'
2022-03-16 01:43:31.248 DEBUG 17 --- [           main] o.s.b.f.s.DefaultListableBeanFactory     : Creating shared instance of singleton bean 'org.springframework.cloud.function.context.config.ContextFunctionCatalogAutoConfiguration$JsonMapperConfiguration'
2022-03-16 01:43:31.248 DEBUG 17 --- [           main] o.s.b.f.s.DefaultListableBeanFactory     : Creating shared instance of singleton bean 'jsonMapper'
2022-03-16 01:43:31.248 DEBUG 17 --- [           main] o.s.b.f.s.DefaultListableBeanFactory     : Autowiring by type from bean name 'jsonMapper' via factory method to bean named 'org.springframework.boot.web.servlet.context.AnnotationConfigServletWebServerApplicationContext@151aa947'
2022-03-16 01:43:31.249 DEBUG 17 --- [           main] o.s.b.f.s.DefaultListableBeanFactory     : Creating shared instance of singleton bean 'org.springframework.cloud.function.context.config.ContextFunctionCatalogAutoConfiguration$PlainFunctionScanConfiguration'
2022-03-16 01:43:31.249 DEBUG 17 --- [           main] o.s.b.f.s.DefaultListableBeanFactory     : Creating shared instance of singleton bean 'org.springframework.cloud.function.context.config.ContextFunctionCatalogAutoConfiguration'
2022-03-16 01:43:31.249 DEBUG 17 --- [           main] o.s.b.f.s.DefaultListableBeanFactory     : Creating shared instance of singleton bean 'functionCatalog'
2022-03-16 01:43:31.250 DEBUG 17 --- [           main] o.s.b.f.s.DefaultListableBeanFactory     : Autowiring by type from bean name 'functionCatalog' via factory method to bean named 'jsonMapper'
2022-03-16 01:43:31.250 DEBUG 17 --- [           main] o.s.b.f.s.DefaultListableBeanFactory     : Autowiring by type from bean name 'functionCatalog' via factory method to bean named 'org.springframework.boot.web.servlet.context.AnnotationConfigServletWebServerApplicationContext@151aa947'
2022-03-16 01:43:31.250 DEBUG 17 --- [           main] o.s.b.f.s.DefaultListableBeanFactory     : Autowiring by type from bean name 'functionCatalog' via factory method to bean named 'nativeFunctionInvocationHelper'
2022-03-16 01:43:31.250 DEBUG 17 --- [           main] o.s.b.f.s.DefaultListableBeanFactory     : Creating shared instance of singleton bean 'spring.cloud.function-org.springframework.cloud.function.context.FunctionProperties'
2022-03-16 01:43:31.252 DEBUG 17 --- [           main] o.s.b.f.s.DefaultListableBeanFactory     : Creating shared instance of singleton bean 'functionRouter'
2022-03-16 01:43:31.252 DEBUG 17 --- [           main] o.s.b.f.s.DefaultListableBeanFactory     : Autowiring by type from bean name 'functionRouter' via factory method to bean named 'functionCatalog'
2022-03-16 01:43:31.252 DEBUG 17 --- [           main] o.s.b.f.s.DefaultListableBeanFactory     : Autowiring by type from bean name 'functionRouter' via factory method to bean named 'spring.cloud.function-org.springframework.cloud.function.context.FunctionProperties'
2022-03-16 01:43:31.252 DEBUG 17 --- [           main] o.s.b.f.s.DefaultListableBeanFactory     : Autowiring by type from bean name 'functionRouter' via factory method to bean named 'org.springframework.beans.factory.support.DefaultListableBeanFactory@85876f8'
2022-03-16 01:43:31.252 DEBUG 17 --- [           main] o.s.b.f.s.DefaultListableBeanFactory     : Autowiring by type from bean name 'functionRouter' via factory method to bean named 'customRouter'
2022-03-16 01:43:31.254 DEBUG 17 --- [           main] o.s.c.support.DefaultLifecycleProcessor  : Starting beans in phase 2147483646
Mar 16, 2022 1:43:31 AM org.apache.coyote.AbstractProtocol start
INFO: Starting ProtocolHandler ["http-nio-8090"]
2022-03-16 01:43:31.260  INFO 17 --- [           main] o.s.b.w.embedded.tomcat.TomcatWebServer  : Tomcat started on port(s): 8090 (http) with context path ''
2022-03-16 01:43:31.261 DEBUG 17 --- [           main] o.s.c.support.DefaultLifecycleProcessor  : Successfully started bean 'webServerStartStop'
2022-03-16 01:43:31.261 DEBUG 17 --- [           main] o.s.c.support.DefaultLifecycleProcessor  : Starting beans in phase 2147483647
2022-03-16 01:43:31.261 DEBUG 17 --- [           main] o.s.c.support.DefaultLifecycleProcessor  : Successfully started bean 'customRuntimeEventLoop'
2022-03-16 01:43:31.261  INFO 17 --- [pool-2-thread-1] o.s.c.f.a.aws.CustomRuntimeEventLoop     : Starting spring-cloud-function CustomRuntimeEventLoop
2022-03-16 01:43:31.261 DEBUG 17 --- [           main] o.s.c.support.DefaultLifecycleProcessor  : Successfully started bean 'webServerGracefulShutdown'
2022-03-16 01:43:31.261 DEBUG 17 --- [pool-2-thread-1] o.s.c.f.a.aws.CustomRuntimeEventLoop     : AWS LAMBDA ENVIRONMENT: {PATH=/var/lang/bin:/usr/local/bin:/usr/bin/:/bin:/opt/bin, LAMBDA_TASK_ROOT=/var/task, logging_level_root=DEBUG, AWS_LAMBDA_FUNCTION_MEMORY_SIZE=512, TZ=:/etc/localtime, AWS_SECRET_ACCESS_KEY=[secretKey], AWS_DEFAULT_REGION=us-east-1, AWS_LAMBDA_LOG_GROUP_NAME=aws/lambda/CustomRuntimeRoutingDemo, _HANDLER=org.springframework.cloud.function.adapter.aws.FunctionInvoker::handleRequest, LANG=en_US.UTF-8, LAMBDA_RUNTIME_DIR=/var/runtime, AWS_SESSION_TOKEN=, AWS_ACCESS_KEY_ID=[accessKey], LD_LIBRARY_PATH=/var/lang/lib:/lib64:/usr/lib64:/var/runtime:/var/runtime/lib:/var/task:/var/task/lib:/opt/lib, PWD=/var/task, AWS_LAMBDA_RUNTIME_API=127.0.0.1:9001, _=./custom-runtime-routing-demo, AWS_REGION=us-east-1, AWS_LAMBDA_FUNCTION_TIMEOUT=20, OLDPWD=/var/task, AWS_LAMBDA_FUNCTION_HANDLER=org.springframework.cloud.function.adapter.aws.FunctionInvoker::handleRequest, AWS_LAMBDA_LOG_STREAM_NAME=$LATEST, HOSTNAME=d6db3d247272, AWS_ACCOUNT_ID=123456789012, server_port=8090, AWS_LAMBDA_FUNCTION_VERSION=$LATEST, HOME=/root, SHLVL=1, AWS_LAMBDA_FUNCTION_NAME=CustomRuntimeRoutingDemo, AWS_SAM_LOCAL=true}
2022-03-16 01:43:31.261 DEBUG 17 --- [pool-2-thread-1] o.s.c.e.PropertySourcesPropertyResolver  : Found key 'AWS_LAMBDA_RUNTIME_API' in PropertySource 'systemEnvironment' with value of type String
2022-03-16 01:43:31.261 DEBUG 17 --- [pool-2-thread-1] o.s.c.f.a.aws.CustomRuntimeEventLoop     : Event URI: http://127.0.0.1:9001/2018-06-01/runtime/invocation/next
2022-03-16 01:43:31.262  INFO 17 --- [pool-2-thread-1] o.s.c.f.a.aws.CustomRuntimeEventLoop     : Entering event loop
2022-03-16 01:43:31.262 DEBUG 17 --- [pool-2-thread-1] o.s.c.f.a.aws.CustomRuntimeEventLoop     : Attempting to get new event
2022-03-16 01:43:31.263 DEBUG 17 --- [pool-2-thread-1] o.s.web.client.RestTemplate              : HTTP GET http://127.0.0.1:9001/2018-06-01/runtime/invocation/next
2022-03-16 01:43:31.263 DEBUG 17 --- [           main] ConditionEvaluationReportLoggingListener : 


============================
CONDITIONS EVALUATION REPORT
============================


Positive matches:
-----------------

   AopAutoConfiguration matched:
      - @ConditionalOnProperty (spring.aop.auto=true) matched (OnPropertyCondition)

   CloudEventsFunctionExtensionConfiguration#nativeFunctionInvocationHelper matched:
      - @ConditionalOnMissingBean (types: org.springframework.cloud.function.core.FunctionInvocationHelper; SearchStrategy: all) did not find any beans (OnBeanCondition)

   ContextFunctionCatalogAutoConfiguration matched:
      - @ConditionalOnMissingBean (types: org.springframework.cloud.function.context.FunctionCatalog; SearchStrategy: all) did not find any beans (OnBeanCondition)

   ContextFunctionCatalogAutoConfiguration.PlainFunctionScanConfiguration matched:
      - @ConditionalOnProperty (spring.cloud.function.scan.enabled=true) matched (OnPropertyCondition)

   DispatcherServletAutoConfiguration matched:
      - @ConditionalOnClass found required class 'org.springframework.web.servlet.DispatcherServlet' (OnClassCondition)
      - found 'session' scope (OnWebApplicationCondition)

   DispatcherServletAutoConfiguration.DispatcherServletConfiguration matched:
      - @ConditionalOnClass found required class 'javax.servlet.ServletRegistration' (OnClassCondition)
      - Default DispatcherServlet did not find dispatcher servlet beans (DispatcherServletAutoConfiguration.DefaultDispatcherServletCondition)

   DispatcherServletAutoConfiguration.DispatcherServletRegistrationConfiguration matched:
      - @ConditionalOnClass found required class 'javax.servlet.ServletRegistration' (OnClassCondition)
      - DispatcherServlet Registration did not find servlet registration bean (DispatcherServletAutoConfiguration.DispatcherServletRegistrationCondition)

   DispatcherServletAutoConfiguration.DispatcherServletRegistrationConfiguration#dispatcherServletRegistration matched:
      - @ConditionalOnBean (names: dispatcherServlet types: org.springframework.web.servlet.DispatcherServlet; SearchStrategy: all) found bean 'dispatcherServlet' (OnBeanCondition)

   EmbeddedWebServerFactoryCustomizerAutoConfiguration matched:
      - @ConditionalOnWebApplication (required) found 'session' scope (OnWebApplicationCondition)

   EmbeddedWebServerFactoryCustomizerAutoConfiguration.TomcatWebServerFactoryCustomizerConfiguration matched:
      - @ConditionalOnClass found required classes 'org.apache.catalina.startup.Tomcat', 'org.apache.coyote.UpgradeProtocol' (OnClassCondition)

   ErrorMvcAutoConfiguration matched:
      - @ConditionalOnClass found required classes 'javax.servlet.Servlet', 'org.springframework.web.servlet.DispatcherServlet' (OnClassCondition)
      - found 'session' scope (OnWebApplicationCondition)

   ErrorMvcAutoConfiguration#basicErrorController matched:
      - @ConditionalOnMissingBean (types: org.springframework.boot.web.servlet.error.ErrorController; SearchStrategy: current) did not find any beans (OnBeanCondition)

   ErrorMvcAutoConfiguration#errorAttributes matched:
      - @ConditionalOnMissingBean (types: org.springframework.boot.web.servlet.error.ErrorAttributes; SearchStrategy: current) did not find any beans (OnBeanCondition)

   ErrorMvcAutoConfiguration.DefaultErrorViewResolverConfiguration#conventionErrorViewResolver matched:
      - @ConditionalOnBean (types: org.springframework.web.servlet.DispatcherServlet; SearchStrategy: all) found bean 'dispatcherServlet'; @ConditionalOnMissingBean (types: org.springframework.boot.autoconfigure.web.servlet.error.ErrorViewResolver; SearchStrategy: all) did not find any beans (OnBeanCondition)

   ErrorMvcAutoConfiguration.WhitelabelErrorViewConfiguration matched:
      - @ConditionalOnProperty (server.error.whitelabel.enabled) matched (OnPropertyCondition)
      - ErrorTemplate Missing did not find error template view (ErrorMvcAutoConfiguration.ErrorTemplateMissingCondition)

   ErrorMvcAutoConfiguration.WhitelabelErrorViewConfiguration#beanNameViewResolver matched:
      - @ConditionalOnMissingBean (types: org.springframework.web.servlet.view.BeanNameViewResolver; SearchStrategy: all) did not find any beans (OnBeanCondition)

   ErrorMvcAutoConfiguration.WhitelabelErrorViewConfiguration#defaultErrorView matched:
      - @ConditionalOnMissingBean (names: error; SearchStrategy: all) did not find any beans (OnBeanCondition)

   HttpEncodingAutoConfiguration matched:
      - @ConditionalOnClass found required class 'org.springframework.web.filter.CharacterEncodingFilter' (OnClassCondition)
      - found 'session' scope (OnWebApplicationCondition)
      - @ConditionalOnProperty (server.servlet.encoding.enabled) matched (OnPropertyCondition)

   HttpEncodingAutoConfiguration#characterEncodingFilter matched:
      - @ConditionalOnMissingBean (types: org.springframework.web.filter.CharacterEncodingFilter; SearchStrategy: all) did not find any beans (OnBeanCondition)

   HttpMessageConvertersAutoConfiguration matched:
      - @ConditionalOnClass found required class 'org.springframework.http.converter.HttpMessageConverter' (OnClassCondition)
      - NoneNestedConditions 0 matched 1 did not; NestedCondition on HttpMessageConvertersAutoConfiguration.NotReactiveWebApplicationCondition.ReactiveWebApplication did not find reactive web application classes (HttpMessageConvertersAutoConfiguration.NotReactiveWebApplicationCondition)

   HttpMessageConvertersAutoConfiguration#messageConverters matched:
      - @ConditionalOnMissingBean (types: org.springframework.boot.autoconfigure.http.HttpMessageConverters; SearchStrategy: all) did not find any beans (OnBeanCondition)

   HttpMessageConvertersAutoConfiguration.StringHttpMessageConverterConfiguration matched:
      - @ConditionalOnClass found required class 'org.springframework.http.converter.StringHttpMessageConverter' (OnClassCondition)

   HttpMessageConvertersAutoConfiguration.StringHttpMessageConverterConfiguration#stringHttpMessageConverter matched:
      - @ConditionalOnMissingBean (types: org.springframework.http.converter.StringHttpMessageConverter; SearchStrategy: all) did not find any beans (OnBeanCondition)

   JacksonAutoConfiguration matched:
      - @ConditionalOnClass found required class 'com.fasterxml.jackson.databind.ObjectMapper' (OnClassCondition)

   JacksonAutoConfiguration.Jackson2ObjectMapperBuilderCustomizerConfiguration matched:
      - @ConditionalOnClass found required class 'org.springframework.http.converter.json.Jackson2ObjectMapperBuilder' (OnClassCondition)

   JacksonAutoConfiguration.JacksonObjectMapperBuilderConfiguration matched:
      - @ConditionalOnClass found required class 'org.springframework.http.converter.json.Jackson2ObjectMapperBuilder' (OnClassCondition)

   JacksonAutoConfiguration.JacksonObjectMapperBuilderConfiguration#jacksonObjectMapperBuilder matched:
      - @ConditionalOnMissingBean (types: org.springframework.http.converter.json.Jackson2ObjectMapperBuilder; SearchStrategy: all) did not find any beans (OnBeanCondition)

   JacksonAutoConfiguration.JacksonObjectMapperConfiguration matched:
      - @ConditionalOnClass found required class 'org.springframework.http.converter.json.Jackson2ObjectMapperBuilder' (OnClassCondition)

   JacksonAutoConfiguration.JacksonObjectMapperConfiguration#jacksonObjectMapper matched:
      - @ConditionalOnMissingBean (types: com.fasterxml.jackson.databind.ObjectMapper; SearchStrategy: all) did not find any beans (OnBeanCondition)

   JacksonAutoConfiguration.ParameterNamesModuleConfiguration matched:
      - @ConditionalOnClass found required class 'com.fasterxml.jackson.module.paramnames.ParameterNamesModule' (OnClassCondition)

   JacksonAutoConfiguration.ParameterNamesModuleConfiguration#parameterNamesModule matched:
      - @ConditionalOnMissingBean (types: com.fasterxml.jackson.module.paramnames.ParameterNamesModule; SearchStrategy: all) did not find any beans (OnBeanCondition)

   JacksonHttpMessageConvertersConfiguration.MappingJackson2HttpMessageConverterConfiguration matched:
      - @ConditionalOnClass found required class 'com.fasterxml.jackson.databind.ObjectMapper' (OnClassCondition)
      - @ConditionalOnProperty (spring.mvc.converters.preferred-json-mapper=jackson) matched (OnPropertyCondition)
      - @ConditionalOnBean (types: com.fasterxml.jackson.databind.ObjectMapper; SearchStrategy: all) found bean 'jacksonObjectMapper' (OnBeanCondition)

   JacksonHttpMessageConvertersConfiguration.MappingJackson2HttpMessageConverterConfiguration#mappingJackson2HttpMessageConverter matched:
      - @ConditionalOnMissingBean (types: org.springframework.http.converter.json.MappingJackson2HttpMessageConverter ignored: org.springframework.hateoas.server.mvc.TypeConstrainedMappingJackson2HttpMessageConverter,org.springframework.data.rest.webmvc.alps.AlpsJsonHttpMessageConverter; SearchStrategy: all) did not find any beans (OnBeanCondition)

   LifecycleAutoConfiguration#defaultLifecycleProcessor matched:
      - @ConditionalOnMissingBean (names: lifecycleProcessor; SearchStrategy: current) did not find any beans (OnBeanCondition)

   MultipartAutoConfiguration matched:
      - @ConditionalOnClass found required classes 'javax.servlet.Servlet', 'org.springframework.web.multipart.support.StandardServletMultipartResolver', 'javax.servlet.MultipartConfigElement' (OnClassCondition)
      - found 'session' scope (OnWebApplicationCondition)
      - @ConditionalOnProperty (spring.servlet.multipart.enabled) matched (OnPropertyCondition)

   MultipartAutoConfiguration#multipartConfigElement matched:
      - @ConditionalOnMissingBean (types: javax.servlet.MultipartConfigElement,org.springframework.web.multipart.commons.CommonsMultipartResolver; SearchStrategy: all) did not find any beans (OnBeanCondition)

   MultipartAutoConfiguration#multipartResolver matched:
      - @ConditionalOnMissingBean (types: org.springframework.web.multipart.MultipartResolver; SearchStrategy: all) did not find any beans (OnBeanCondition)

   PropertyPlaceholderAutoConfiguration#propertySourcesPlaceholderConfigurer matched:
      - @ConditionalOnMissingBean (types: org.springframework.context.support.PropertySourcesPlaceholderConfigurer; SearchStrategy: current) did not find any beans (OnBeanCondition)

   RestTemplateAutoConfiguration matched:
      - @ConditionalOnClass found required class 'org.springframework.web.client.RestTemplate' (OnClassCondition)
      - NoneNestedConditions 0 matched 1 did not; NestedCondition on RestTemplateAutoConfiguration.NotReactiveWebApplicationCondition.ReactiveWebApplication did not find reactive web application classes (RestTemplateAutoConfiguration.NotReactiveWebApplicationCondition)

   RestTemplateAutoConfiguration#restTemplateBuilder matched:
      - @ConditionalOnMissingBean (types: org.springframework.boot.web.client.RestTemplateBuilder; SearchStrategy: all) did not find any beans (OnBeanCondition)

   RestTemplateAutoConfiguration#restTemplateBuilderConfigurer matched:
      - @ConditionalOnMissingBean (types: org.springframework.boot.autoconfigure.web.client.RestTemplateBuilderConfigurer; SearchStrategy: all) did not find any beans (OnBeanCondition)

   ServletWebServerFactoryAutoConfiguration matched:
      - @ConditionalOnClass found required class 'javax.servlet.ServletRequest' (OnClassCondition)
      - found 'session' scope (OnWebApplicationCondition)

   ServletWebServerFactoryAutoConfiguration#tomcatServletWebServerFactoryCustomizer matched:
      - @ConditionalOnClass found required class 'org.apache.catalina.startup.Tomcat' (OnClassCondition)

   ServletWebServerFactoryConfiguration.EmbeddedTomcat matched:
      - @ConditionalOnClass found required classes 'javax.servlet.Servlet', 'org.apache.catalina.startup.Tomcat', 'org.apache.coyote.UpgradeProtocol' (OnClassCondition)
      - @ConditionalOnMissingBean (types: org.springframework.boot.web.servlet.server.ServletWebServerFactory; SearchStrategy: current) did not find any beans (OnBeanCondition)

   TaskExecutionAutoConfiguration matched:
      - @ConditionalOnClass found required class 'org.springframework.scheduling.concurrent.ThreadPoolTaskExecutor' (OnClassCondition)

   TaskExecutionAutoConfiguration#applicationTaskExecutor matched:
      - @ConditionalOnMissingBean (types: java.util.concurrent.Executor; SearchStrategy: all) did not find any beans (OnBeanCondition)

   TaskExecutionAutoConfiguration#taskExecutorBuilder matched:
      - @ConditionalOnMissingBean (types: org.springframework.boot.task.TaskExecutorBuilder; SearchStrategy: all) did not find any beans (OnBeanCondition)

   TaskSchedulingAutoConfiguration matched:
      - @ConditionalOnClass found required class 'org.springframework.scheduling.concurrent.ThreadPoolTaskScheduler' (OnClassCondition)

   TaskSchedulingAutoConfiguration#taskSchedulerBuilder matched:
      - @ConditionalOnMissingBean (types: org.springframework.boot.task.TaskSchedulerBuilder; SearchStrategy: all) did not find any beans (OnBeanCondition)

   WebMvcAutoConfiguration matched:
      - @ConditionalOnClass found required classes 'javax.servlet.Servlet', 'org.springframework.web.servlet.DispatcherServlet', 'org.springframework.web.servlet.config.annotation.WebMvcConfigurer' (OnClassCondition)
      - found 'session' scope (OnWebApplicationCondition)
      - @ConditionalOnMissingBean (types: org.springframework.web.servlet.config.annotation.WebMvcConfigurationSupport; SearchStrategy: all) did not find any beans (OnBeanCondition)

   WebMvcAutoConfiguration#formContentFilter matched:
      - @ConditionalOnProperty (spring.mvc.formcontent.filter.enabled) matched (OnPropertyCondition)
      - @ConditionalOnMissingBean (types: org.springframework.web.filter.FormContentFilter; SearchStrategy: all) did not find any beans (OnBeanCondition)

   WebMvcAutoConfiguration.EnableWebMvcConfiguration#flashMapManager matched:
      - @ConditionalOnMissingBean (names: flashMapManager; SearchStrategy: all) did not find any beans (OnBeanCondition)

   WebMvcAutoConfiguration.EnableWebMvcConfiguration#localeResolver matched:
      - @ConditionalOnMissingBean (names: localeResolver; SearchStrategy: all) did not find any beans (OnBeanCondition)

   WebMvcAutoConfiguration.EnableWebMvcConfiguration#themeResolver matched:
      - @ConditionalOnMissingBean (names: themeResolver; SearchStrategy: all) did not find any beans (OnBeanCondition)

   WebMvcAutoConfiguration.WebMvcAutoConfigurationAdapter#defaultViewResolver matched:
      - @ConditionalOnMissingBean (types: org.springframework.web.servlet.view.InternalResourceViewResolver; SearchStrategy: all) did not find any beans (OnBeanCondition)

   WebMvcAutoConfiguration.WebMvcAutoConfigurationAdapter#requestContextFilter matched:
      - @ConditionalOnMissingBean (types: org.springframework.web.context.request.RequestContextListener,org.springframework.web.filter.RequestContextFilter; SearchStrategy: all) did not find any beans (OnBeanCondition)

   WebMvcAutoConfiguration.WebMvcAutoConfigurationAdapter#viewResolver matched:
      - @ConditionalOnBean (types: org.springframework.web.servlet.ViewResolver; SearchStrategy: all) found beans 'defaultViewResolver', 'beanNameViewResolver', 'mvcViewResolver'; @ConditionalOnMissingBean (names: viewResolver types: org.springframework.web.servlet.view.ContentNegotiatingViewResolver; SearchStrategy: all) did not find any beans (OnBeanCondition)

   WebSocketServletAutoConfiguration matched:
      - @ConditionalOnClass found required classes 'javax.servlet.Servlet', 'javax.websocket.server.ServerContainer' (OnClassCondition)
      - found 'session' scope (OnWebApplicationCondition)

   WebSocketServletAutoConfiguration.TomcatWebSocketConfiguration matched:
      - @ConditionalOnClass found required classes 'org.apache.catalina.startup.Tomcat', 'org.apache.tomcat.websocket.server.WsSci' (OnClassCondition)

   WebSocketServletAutoConfiguration.TomcatWebSocketConfiguration#websocketServletWebServerCustomizer matched:
      - @ConditionalOnMissingBean (names: websocketServletWebServerCustomizer; SearchStrategy: all) did not find any beans (OnBeanCondition)


Negative matches:
-----------------

   AopAutoConfiguration.ClassProxyingConfiguration:
      Did not match:
         - @ConditionalOnProperty (spring.aop.proxy-target-class=true) found different value in property 'proxy-target-class' (OnPropertyCondition)
      Matched:
         - @ConditionalOnMissingClass did not find unwanted class 'org.aspectj.weaver.Advice' (OnClassCondition)

   CacheAutoConfiguration:
      Did not match:
         - @ConditionalOnBean (types: org.springframework.cache.interceptor.CacheAspectSupport; SearchStrategy: all) did not find any beans of type org.springframework.cache.interceptor.CacheAspectSupport (OnBeanCondition)
      Matched:
         - @ConditionalOnClass found required class 'org.springframework.cache.CacheManager' (OnClassCondition)

   CacheAutoConfiguration.CacheManagerEntityManagerFactoryDependsOnPostProcessor:
      Did not match:
         - @ConditionalOnClass did not find required class 'org.springframework.orm.jpa.LocalContainerEntityManagerFactoryBean' (OnClassCondition)
         - Ancestor org.springframework.boot.autoconfigure.cache.CacheAutoConfiguration did not match (ConditionEvaluationReport.AncestorsMatchedCondition)

   ContextFunctionCatalogAutoConfiguration#avroSchemaMessageConverter:
      Did not match:
         - @ConditionalOnClass did not find required class 'org.apache.avro.Schema' (OnClassCondition)

   ContextFunctionCatalogAutoConfiguration#cloudEventMessageConverter:
      Did not match:
         - @ConditionalOnClass did not find required class 'io.cloudevents.spring.messaging.CloudEventMessageConverter' (OnClassCondition)

   DispatcherServletAutoConfiguration.DispatcherServletConfiguration#multipartResolver:
      Did not match:
         - @ConditionalOnBean (types: org.springframework.web.multipart.MultipartResolver; SearchStrategy: all) did not find any beans of type org.springframework.web.multipart.MultipartResolver (OnBeanCondition)

   GsonHttpMessageConvertersConfiguration:
      Did not match:
         - @ConditionalOnClass did not find required class 'com.google.gson.Gson' (OnClassCondition)

   JsonbHttpMessageConvertersConfiguration:
      Did not match:
         - @ConditionalOnClass did not find required class 'javax.json.bind.Jsonb' (OnClassCondition)

   MessageSourceAutoConfiguration:
      Did not match:
         - ResourceBundle did not find bundle with basename messages (MessageSourceAutoConfiguration.ResourceBundleCondition)

   ProjectInfoAutoConfiguration#buildProperties:
      Did not match:
         - @ConditionalOnResource did not find resource '${spring.info.build.location:classpath:META-INF/build-info.properties}' (OnResourceCondition)

   ProjectInfoAutoConfiguration#gitProperties:
      Did not match:
         - GitResource did not find git info at classpath:git.properties (ProjectInfoAutoConfiguration.GitResourceAvailableCondition)

   ServletWebServerFactoryAutoConfiguration#forwardedHeaderFilter:
      Did not match:
         - @ConditionalOnProperty (server.forward-headers-strategy=framework) did not find property 'server.forward-headers-strategy' (OnPropertyCondition)

   ServletWebServerFactoryConfiguration.EmbeddedJetty:
      Did not match:
         - @ConditionalOnClass did not find required classes 'org.eclipse.jetty.server.Server', 'org.eclipse.jetty.util.Loader', 'org.eclipse.jetty.webapp.WebAppContext' (OnClassCondition)

   ServletWebServerFactoryConfiguration.EmbeddedUndertow:
      Did not match:
         - @ConditionalOnClass did not find required classes 'io.undertow.Undertow', 'org.xnio.SslClientAuthMode' (OnClassCondition)

   TaskSchedulingAutoConfiguration#taskScheduler:
      Did not match:
         - @ConditionalOnBean (names: org.springframework.context.annotation.internalScheduledAnnotationProcessor; SearchStrategy: all) did not find any beans named org.springframework.context.annotation.internalScheduledAnnotationProcessor (OnBeanCondition)

   WebMvcAutoConfiguration#hiddenHttpMethodFilter:
      Did not match:
         - @ConditionalOnProperty (spring.mvc.hiddenmethod.filter.enabled) did not find property 'enabled' (OnPropertyCondition)

   WebMvcAutoConfiguration.ResourceChainCustomizerConfiguration:
      Did not match:
         - @ConditionalOnEnabledResourceChain did not find class org.webjars.WebJarAssetLocator (OnEnabledResourceChainCondition)

   WebMvcAutoConfiguration.WebMvcAutoConfigurationAdapter#beanNameViewResolver:
      Did not match:
         - @ConditionalOnMissingBean (types: org.springframework.web.servlet.view.BeanNameViewResolver; SearchStrategy: all) found beans of type 'org.springframework.web.servlet.view.BeanNameViewResolver' beanNameViewResolver (OnBeanCondition)


Exclusions:
-----------

    None


Unconditional classes:
----------------------

    org.springframework.boot.autoconfigure.context.ConfigurationPropertiesAutoConfiguration

    org.springframework.boot.autoconfigure.context.LifecycleAutoConfiguration

    org.springframework.boot.autoconfigure.context.PropertyPlaceholderAutoConfiguration

    org.springframework.cloud.function.cloudevent.CloudEventsFunctionExtensionConfiguration

    org.springframework.boot.autoconfigure.availability.ApplicationAvailabilityAutoConfiguration

    org.springframework.boot.autoconfigure.info.ProjectInfoAutoConfiguration



2022-03-16 01:43:31.264 DEBUG 17 --- [pool-2-thread-1] o.s.web.client.RestTemplate              : Accept=[text/plain, application/json, application/*+json, */*]
2022-03-16 01:43:31.264  INFO 17 --- [           main] .e.c.CustomRuntimeRoutingDemoApplication : Started CustomRuntimeRoutingDemoApplication in 0.645 seconds (JVM running for 0.789)
2022-03-16 01:43:31.267 DEBUG 17 --- [pool-2-thread-1] o.s.web.client.RestTemplate              : Response 200 OK
2022-03-16 01:43:31.267 DEBUG 17 --- [pool-2-thread-1] o.s.web.client.RestTemplate              : Reading to [java.lang.String] as "application/json"
2022-03-16 01:43:31.267 DEBUG 17 --- [pool-2-thread-1] o.s.c.f.a.aws.CustomRuntimeEventLoop     : New Event received: <200,{"body": null, "headers": {"Accept": "*/*", "Func-Name": "secondRouter", "Host": "127.0.0.1:3000", "User-Agent": "curl/7.64.1", "X-Forwarded-Port": "3000", "X-Forwarded-Proto": "http"}, "httpMethod": "GET", "isBase64Encoded": false, "multiValueHeaders": {"Accept": ["*/*"], "Func-Name": ["secondRouter"], "Host": ["127.0.0.1:3000"], "User-Agent": ["curl/7.64.1"], "X-Forwarded-Port": ["3000"], "X-Forwarded-Proto": ["http"]}, "multiValueQueryStringParameters": null, "path": "/hello", "pathParameters": null, "queryStringParameters": null, "requestContext": {"accountId": "123456789012", "apiId": "1234567890", "domainName": "127.0.0.1:3000", "extendedRequestId": null, "httpMethod": "GET", "identity": {"accountId": null, "apiKey": null, "caller": null, "cognitoAuthenticationProvider": null, "cognitoAuthenticationType": null, "cognitoIdentityPoolId": null, "sourceIp": "127.0.0.1", "user": null, "userAgent": "Custom User Agent String", "userArn": null}, "path": "/hello", "protocol": "HTTP/1.1", "requestId": "ee0f6f84-26ff-491e-9547-bde4a421a8b6", "requestTime": "16/Mar/2022:01:43:24 +0000", "requestTimeEpoch": 1647395004, "resourceId": "123456", "resourcePath": "/hello", "stage": "Prod"}, "resource": "/hello", "stageVariables": null, "version": "1.0"},[Content-Type:"application/json", Lambda-Runtime-Aws-Request-Id:"cf83c296-7109-4164-9449-b98621822cbd", Lambda-Runtime-Deadline-Ms:"1647395031266", Lambda-Runtime-Invoked-Function-Arn:"arn:aws:lambda:us-east-1:012345678912:function:CustomRuntimeRoutingDemo", Date:"Wed, 16 Mar 2022 01:43:31 GMT", Content-Length:"1261"]>
2022-03-16 01:43:31.267 DEBUG 17 --- [pool-2-thread-1] o.s.c.f.a.aws.CustomRuntimeEventLoop     : Value of DEFAULT_HANDLER env: null
2022-03-16 01:43:31.268  INFO 17 --- [pool-2-thread-1] c.f.c.c.BeanFactoryAwareFunctionRegistry : Can't determine default function definition. Please use 'spring.cloud.function.definition' property to explicitly define it.
2022-03-16 01:43:31.268 DEBUG 17 --- [pool-2-thread-1] o.s.c.f.a.aws.CustomRuntimeEventLoop     : Could not locate function under DEFAULT_HANDLER
2022-03-16 01:43:31.268 DEBUG 17 --- [pool-2-thread-1] o.s.c.e.PropertySourcesPropertyResolver  : Found key '_HANDLER' in PropertySource 'systemEnvironment' with value of type String
2022-03-16 01:43:31.268 DEBUG 17 --- [pool-2-thread-1] o.s.c.f.a.aws.CustomRuntimeEventLoop     : Value of _HANDLER env: org.springframework.cloud.function.adapter.aws.FunctionInvoker::handleRequest
2022-03-16 01:43:31.268 DEBUG 17 --- [pool-2-thread-1] c.f.c.c.BeanFactoryAwareFunctionRegistry : Function 'org.springframework.cloud.function.adapter.aws.FunctionInvoker::handleRequest' is not found in cache
2022-03-16 01:43:31.269 DEBUG 17 --- [pool-2-thread-1] c.f.c.c.BeanFactoryAwareFunctionRegistry : Function 'org.springframework.cloud.function.adapter.aws.FunctionInvoker::handleRequest' is not available in FunctionCatalog or BeanFactory
2022-03-16 01:43:31.270 DEBUG 17 --- [pool-2-thread-1] c.f.c.c.BeanFactoryAwareFunctionRegistry : Function 'org.springframework.cloud.function.adapter.aws.FunctionInvoker::handleRequest' is not found in cache
2022-03-16 01:43:31.270 DEBUG 17 --- [pool-2-thread-1] o.s.c.f.a.aws.CustomRuntimeEventLoop     : Could not locate function under _HANDLER
2022-03-16 01:43:31.270  INFO 17 --- [pool-2-thread-1] c.f.c.c.BeanFactoryAwareFunctionRegistry : Can't determine default function definition. Please use 'spring.cloud.function.definition' property to explicitly define it.
2022-03-16 01:43:31.270  INFO 17 --- [pool-2-thread-1] o.s.c.f.a.aws.CustomRuntimeEventLoop     : Could not determine default function
2022-03-16 01:43:31.270 DEBUG 17 --- [pool-2-thread-1] o.s.c.f.a.aws.CustomRuntimeEventLoop     : Value of 'spring.cloud.function.definition' env: null
2022-03-16 01:43:31.270  INFO 17 --- [pool-2-thread-1] c.f.c.c.BeanFactoryAwareFunctionRegistry : Can't determine default function definition. Please use 'spring.cloud.function.definition' property to explicitly define it.
Exception in thread "pool-2-thread-1" java.lang.IllegalArgumentException: Failed to locate function. Tried locating default function, function by 'DEFAULT_HANDLER', '_HANDLER' env variable as well as'spring.cloud.function.definition'. Functions available in catalog are: [secondRouter, firstRouter, functionRouter]
	at org.springframework.util.Assert.notNull(Assert.java:201)
	at org.springframework.cloud.function.adapter.aws.CustomRuntimeEventLoop.locateFunction(CustomRuntimeEventLoop.java:204)
	at org.springframework.cloud.function.adapter.aws.CustomRuntimeEventLoop.eventLoop(CustomRuntimeEventLoop.java:133)
	at org.springframework.cloud.function.adapter.aws.CustomRuntimeEventLoop.lambda$run$0(CustomRuntimeEventLoop.java:84)
	at java.util.concurrent.ThreadPoolExecutor.runWorker(ThreadPoolExecutor.java:1128)
	at java.util.concurrent.ThreadPoolExecutor$Worker.run(ThreadPoolExecutor.java:628)
	at java.lang.Thread.run(Thread.java:829)
	at com.oracle.svm.core.thread.JavaThreads.threadStartRoutine(JavaThreads.java:600)
	at com.oracle.svm.core.posix.thread.PosixJavaThreads.pthreadStartRoutine(PosixJavaThreads.java:192)
END RequestId: cf83c296-7109-4164-9449-b98621822cbd
REPORT RequestId: cf83c296-7109-4164-9449-b98621822cbd	Init Duration: 0.49 ms	Duration: 20000.00 ms	Billed Duration: 20000 ms	Memory Size: 512 MB	Max Memory Used: 512 MB	
